Classic Timing Analyzer report for exp_s_alu
Thu Mar 04 19:55:50 2021
Quartus II Version 9.0 Build 184 04/29/2009 Service Pack 1 SJ Web Edition


---------------------
; Table of Contents ;
---------------------
  1. Legal Notice
  2. Timing Analyzer Summary
  3. Timing Analyzer Settings
  4. Parallel Compilation
  5. tpd
  6. Timing Analyzer Messages



----------------
; Legal Notice ;
----------------
Copyright (C) 1991-2009 Altera Corporation
Your use of Altera Corporation's design tools, logic functions 
and other software and tools, and its AMPP partner logic 
functions, and any output files from any of the foregoing 
(including device programming or simulation files), and any 
associated documentation or information are expressly subject 
to the terms and conditions of the Altera Program License 
Subscription Agreement, Altera MegaCore Function License 
Agreement, or other applicable license agreement, including, 
without limitation, that your use is for the sole purpose of 
programming logic devices manufactured by Altera and sold by 
Altera or its authorized distributors.  Please refer to the 
applicable agreement for further details.



+-------------------------------------------------------------------------------------------------------------------------+
; Timing Analyzer Summary                                                                                                 ;
+------------------------------+-------+---------------+-------------+------+------+------------+----------+--------------+
; Type                         ; Slack ; Required Time ; Actual Time ; From ; To   ; From Clock ; To Clock ; Failed Paths ;
+------------------------------+-------+---------------+-------------+------+------+------------+----------+--------------+
; Worst-case tpd               ; N/A   ; None          ; 21.454 ns   ; a[3] ; c[7] ; --         ; --       ; 0            ;
; Total number of failed paths ;       ;               ;             ;      ;      ;            ;          ; 0            ;
+------------------------------+-------+---------------+-------------+------+------+------------+----------+--------------+


+--------------------------------------------------------------------------------------------------------------------+
; Timing Analyzer Settings                                                                                           ;
+---------------------------------------------------------------------+--------------------+------+----+-------------+
; Option                                                              ; Setting            ; From ; To ; Entity Name ;
+---------------------------------------------------------------------+--------------------+------+----+-------------+
; Device Name                                                         ; EP2C5T144C8        ;      ;    ;             ;
; Timing Models                                                       ; Final              ;      ;    ;             ;
; Default hold multicycle                                             ; Same as Multicycle ;      ;    ;             ;
; Cut paths between unrelated clock domains                           ; On                 ;      ;    ;             ;
; Cut off read during write signal paths                              ; On                 ;      ;    ;             ;
; Cut off feedback from I/O pins                                      ; On                 ;      ;    ;             ;
; Report Combined Fast/Slow Timing                                    ; Off                ;      ;    ;             ;
; Ignore Clock Settings                                               ; Off                ;      ;    ;             ;
; Analyze latches as synchronous elements                             ; On                 ;      ;    ;             ;
; Enable Recovery/Removal analysis                                    ; Off                ;      ;    ;             ;
; Enable Clock Latency                                                ; Off                ;      ;    ;             ;
; Use TimeQuest Timing Analyzer                                       ; Off                ;      ;    ;             ;
; Minimum Core Junction Temperature                                   ; 0                  ;      ;    ;             ;
; Maximum Core Junction Temperature                                   ; 85                 ;      ;    ;             ;
; Number of source nodes to report per destination node               ; 10                 ;      ;    ;             ;
; Number of destination nodes to report                               ; 10                 ;      ;    ;             ;
; Number of paths to report                                           ; 200                ;      ;    ;             ;
; Report Minimum Timing Checks                                        ; Off                ;      ;    ;             ;
; Use Fast Timing Models                                              ; Off                ;      ;    ;             ;
; Report IO Paths Separately                                          ; Off                ;      ;    ;             ;
; Perform Multicorner Analysis                                        ; On                 ;      ;    ;             ;
; Reports the worst-case path for each clock domain and analysis      ; Off                ;      ;    ;             ;
; Removes common clock path pessimism (CCPP) during slack computation ; Off                ;      ;    ;             ;
; Output I/O Timing Endpoint                                          ; Near End           ;      ;    ;             ;
+---------------------------------------------------------------------+--------------------+------+----+-------------+


Parallel compilation was disabled, but you have multiple processors available. Enable parallel compilation to reduce compilation time.
+-------------------------------------+
; Parallel Compilation                ;
+----------------------------+--------+
; Processors                 ; Number ;
+----------------------------+--------+
; Number detected on machine ; 8      ;
; Maximum allowed            ; 1      ;
+----------------------------+--------+


+-------------------------------------------------------------+
; tpd                                                         ;
+-------+-------------------+-----------------+--------+------+
; Slack ; Required P2P Time ; Actual P2P Time ; From   ; To   ;
+-------+-------------------+-----------------+--------+------+
; N/A   ; None              ; 21.454 ns       ; a[3]   ; c[7] ;
; N/A   ; None              ; 20.989 ns       ; a[3]   ; c[5] ;
; N/A   ; None              ; 20.977 ns       ; b[5]   ; c[7] ;
; N/A   ; None              ; 20.963 ns       ; b[1]   ; c[7] ;
; N/A   ; None              ; 20.836 ns       ; a[0]   ; c[2] ;
; N/A   ; None              ; 20.817 ns       ; b[1]   ; c[5] ;
; N/A   ; None              ; 20.792 ns       ; a[3]   ; c[4] ;
; N/A   ; None              ; 20.728 ns       ; b[1]   ; c[4] ;
; N/A   ; None              ; 20.626 ns       ; b[0]   ; c[2] ;
; N/A   ; None              ; 20.624 ns       ; b[1]   ; c[2] ;
; N/A   ; None              ; 20.461 ns       ; a[6]   ; c[7] ;
; N/A   ; None              ; 20.330 ns       ; a[0]   ; c[7] ;
; N/A   ; None              ; 20.322 ns       ; a[0]   ; c[4] ;
; N/A   ; None              ; 20.184 ns       ; a[0]   ; c[5] ;
; N/A   ; None              ; 20.121 ns       ; b[0]   ; c[7] ;
; N/A   ; None              ; 20.112 ns       ; b[0]   ; c[4] ;
; N/A   ; None              ; 19.975 ns       ; b[0]   ; c[5] ;
; N/A   ; None              ; 19.789 ns       ; b[4]   ; c[7] ;
; N/A   ; None              ; 19.751 ns       ; a[3]   ; c[3] ;
; N/A   ; None              ; 19.709 ns       ; b[5]   ; c[5] ;
; N/A   ; None              ; 19.687 ns       ; b[1]   ; c[3] ;
; N/A   ; None              ; 19.673 ns       ; a[0]   ; c[3] ;
; N/A   ; None              ; 19.647 ns       ; a[4]   ; c[7] ;
; N/A   ; None              ; 19.463 ns       ; b[0]   ; c[3] ;
; N/A   ; None              ; 19.413 ns       ; a[3]   ; c[6] ;
; N/A   ; None              ; 19.304 ns       ; b[6]   ; c[7] ;
; N/A   ; None              ; 19.297 ns       ; b[4]   ; c[5] ;
; N/A   ; None              ; 19.241 ns       ; b[1]   ; c[6] ;
; N/A   ; None              ; 19.156 ns       ; a[4]   ; c[5] ;
; N/A   ; None              ; 19.098 ns       ; b[4]   ; c[4] ;
; N/A   ; None              ; 18.999 ns       ; a[5]   ; c[7] ;
; N/A   ; None              ; 18.957 ns       ; a[4]   ; c[4] ;
; N/A   ; None              ; 18.894 ns       ; sel[3] ; c[2] ;
; N/A   ; None              ; 18.843 ns       ; b[5]   ; c[6] ;
; N/A   ; None              ; 18.614 ns       ; a[0]   ; c[1] ;
; N/A   ; None              ; 18.608 ns       ; a[0]   ; c[6] ;
; N/A   ; None              ; 18.598 ns       ; sel[1] ; c[2] ;
; N/A   ; None              ; 18.510 ns       ; sel[2] ; c[2] ;
; N/A   ; None              ; 18.502 ns       ; sel[0] ; c[2] ;
; N/A   ; None              ; 18.483 ns       ; sel[3] ; c[7] ;
; N/A   ; None              ; 18.433 ns       ; sel[3] ; c[4] ;
; N/A   ; None              ; 18.404 ns       ; b[0]   ; c[1] ;
; N/A   ; None              ; 18.402 ns       ; b[1]   ; c[1] ;
; N/A   ; None              ; 18.399 ns       ; b[0]   ; c[6] ;
; N/A   ; None              ; 18.231 ns       ; sel[3] ; c[5] ;
; N/A   ; None              ; 18.158 ns       ; a[6]   ; c[6] ;
; N/A   ; None              ; 18.105 ns       ; b[7]   ; c[7] ;
; N/A   ; None              ; 18.087 ns       ; sel[1] ; c[7] ;
; N/A   ; None              ; 18.084 ns       ; sel[1] ; c[4] ;
; N/A   ; None              ; 18.006 ns       ; sel[2] ; c[7] ;
; N/A   ; None              ; 17.996 ns       ; sel[2] ; c[4] ;
; N/A   ; None              ; 17.988 ns       ; sel[0] ; c[4] ;
; N/A   ; None              ; 17.983 ns       ; a[7]   ; c[7] ;
; N/A   ; None              ; 17.932 ns       ; sel[0] ; c[7] ;
; N/A   ; None              ; 17.882 ns       ; sel[1] ; c[5] ;
; N/A   ; None              ; 17.794 ns       ; sel[2] ; c[5] ;
; N/A   ; None              ; 17.786 ns       ; sel[0] ; c[5] ;
; N/A   ; None              ; 17.784 ns       ; sel[3] ; c[3] ;
; N/A   ; None              ; 17.721 ns       ; b[4]   ; c[6] ;
; N/A   ; None              ; 17.603 ns       ; a[5]   ; c[5] ;
; N/A   ; None              ; 17.580 ns       ; a[4]   ; c[6] ;
; N/A   ; None              ; 17.435 ns       ; sel[1] ; c[3] ;
; N/A   ; None              ; 17.347 ns       ; sel[2] ; c[3] ;
; N/A   ; None              ; 17.339 ns       ; sel[0] ; c[3] ;
; N/A   ; None              ; 17.057 ns       ; a[0]   ; c[0] ;
; N/A   ; None              ; 17.054 ns       ; b[6]   ; c[6] ;
; N/A   ; None              ; 17.002 ns       ; sel[3] ; c[1] ;
; N/A   ; None              ; 16.847 ns       ; b[0]   ; c[0] ;
; N/A   ; None              ; 16.751 ns       ; a[5]   ; c[6] ;
; N/A   ; None              ; 16.655 ns       ; sel[3] ; c[6] ;
; N/A   ; None              ; 16.629 ns       ; sel[1] ; c[1] ;
; N/A   ; None              ; 16.541 ns       ; sel[2] ; c[1] ;
; N/A   ; None              ; 16.533 ns       ; sel[0] ; c[1] ;
; N/A   ; None              ; 16.471 ns       ; sel[3] ; c[0] ;
; N/A   ; None              ; 16.306 ns       ; sel[1] ; c[6] ;
; N/A   ; None              ; 16.218 ns       ; sel[2] ; c[6] ;
; N/A   ; None              ; 16.210 ns       ; sel[0] ; c[6] ;
; N/A   ; None              ; 16.098 ns       ; sel[1] ; c[0] ;
; N/A   ; None              ; 16.010 ns       ; sel[2] ; c[0] ;
; N/A   ; None              ; 16.002 ns       ; sel[0] ; c[0] ;
; N/A   ; None              ; 15.778 ns       ; a[2]   ; c[7] ;
; N/A   ; None              ; 15.659 ns       ; b[3]   ; c[7] ;
; N/A   ; None              ; 15.632 ns       ; a[2]   ; c[5] ;
; N/A   ; None              ; 15.619 ns       ; a[1]   ; c[7] ;
; N/A   ; None              ; 15.473 ns       ; a[1]   ; c[5] ;
; N/A   ; None              ; 15.453 ns       ; a[2]   ; c[4] ;
; N/A   ; None              ; 15.450 ns       ; b[2]   ; c[7] ;
; N/A   ; None              ; 15.384 ns       ; a[1]   ; c[4] ;
; N/A   ; None              ; 15.304 ns       ; b[2]   ; c[5] ;
; N/A   ; None              ; 15.194 ns       ; b[3]   ; c[5] ;
; N/A   ; None              ; 15.155 ns       ; a[1]   ; c[2] ;
; N/A   ; None              ; 15.125 ns       ; b[2]   ; c[4] ;
; N/A   ; None              ; 15.004 ns       ; b[3]   ; c[4] ;
; N/A   ; None              ; 14.412 ns       ; a[2]   ; c[3] ;
; N/A   ; None              ; 14.409 ns       ; a[2]   ; c[2] ;
; N/A   ; None              ; 14.343 ns       ; a[1]   ; c[3] ;
; N/A   ; None              ; 14.084 ns       ; b[2]   ; c[3] ;
; N/A   ; None              ; 14.080 ns       ; b[2]   ; c[2] ;
; N/A   ; None              ; 14.056 ns       ; a[2]   ; c[6] ;
; N/A   ; None              ; 13.963 ns       ; b[3]   ; c[3] ;
; N/A   ; None              ; 13.897 ns       ; a[1]   ; c[6] ;
; N/A   ; None              ; 13.728 ns       ; b[2]   ; c[6] ;
; N/A   ; None              ; 13.618 ns       ; b[3]   ; c[6] ;
; N/A   ; None              ; 12.933 ns       ; a[1]   ; c[1] ;
+-------+-------------------+-----------------+--------+------+


+--------------------------+
; Timing Analyzer Messages ;
+--------------------------+
Info: *******************************************************************
Info: Running Quartus II Classic Timing Analyzer
    Info: Version 9.0 Build 184 04/29/2009 Service Pack 1 SJ Web Edition
    Info: Processing started: Thu Mar 04 19:55:50 2021
Info: Command: quartus_tan --read_settings_files=off --write_settings_files=off exp_s_alu -c exp_s_alu --timing_analysis_only
Info: Longest tpd from source pin "a[3]" to destination pin "c[7]" is 21.454 ns
    Info: 1: + IC(0.000 ns) + CELL(0.955 ns) = 0.955 ns; Loc. = PIN_26; Fanout = 7; PIN Node = 'a[3]'
    Info: 2: + IC(7.374 ns) + CELL(0.596 ns) = 8.925 ns; Loc. = LCCOMB_X27_Y4_N18; Fanout = 2; COMB Node = 'Add2~7'
    Info: 3: + IC(0.000 ns) + CELL(0.506 ns) = 9.431 ns; Loc. = LCCOMB_X27_Y4_N20; Fanout = 3; COMB Node = 'Add2~8'
    Info: 4: + IC(1.036 ns) + CELL(0.621 ns) = 11.088 ns; Loc. = LCCOMB_X26_Y4_N22; Fanout = 2; COMB Node = 'Add3~13'
    Info: 5: + IC(0.000 ns) + CELL(0.086 ns) = 11.174 ns; Loc. = LCCOMB_X26_Y4_N24; Fanout = 2; COMB Node = 'Add3~16'
    Info: 6: + IC(0.000 ns) + CELL(0.506 ns) = 11.680 ns; Loc. = LCCOMB_X26_Y4_N26; Fanout = 1; COMB Node = 'Add3~18'
    Info: 7: + IC(1.477 ns) + CELL(0.623 ns) = 13.780 ns; Loc. = LCCOMB_X26_Y6_N4; Fanout = 2; COMB Node = 'Add3~20'
    Info: 8: + IC(0.368 ns) + CELL(0.596 ns) = 14.744 ns; Loc. = LCCOMB_X26_Y6_N28; Fanout = 1; COMB Node = 'Add1~23'
    Info: 9: + IC(0.000 ns) + CELL(0.506 ns) = 15.250 ns; Loc. = LCCOMB_X26_Y6_N30; Fanout = 1; COMB Node = 'Add1~25'
    Info: 10: + IC(1.427 ns) + CELL(0.206 ns) = 16.883 ns; Loc. = LCCOMB_X26_Y4_N6; Fanout = 1; COMB Node = 'c[7]~188'
    Info: 11: + IC(1.335 ns) + CELL(3.236 ns) = 21.454 ns; Loc. = PIN_64; Fanout = 0; PIN Node = 'c[7]'
    Info: Total cell delay = 8.437 ns ( 39.33 % )
    Info: Total interconnect delay = 13.017 ns ( 60.67 % )
Info: Quartus II Classic Timing Analyzer was successful. 0 errors, 0 warnings
    Info: Peak virtual memory: 190 megabytes
    Info: Processing ended: Thu Mar 04 19:55:50 2021
    Info: Elapsed time: 00:00:00
    Info: Total CPU time (on all processors): 00:00:00


