Classic Timing Analyzer report for KZQ
Mon Mar 22 00:44:02 2021
Quartus II Version 9.0 Build 184 04/29/2009 Service Pack 1 SJ Web Edition


---------------------
; Table of Contents ;
---------------------
  1. Legal Notice
  2. Timing Analyzer Summary
  3. Timing Analyzer Settings
  4. Clock Settings Summary
  5. Parallel Compilation
  6. Clock Setup: 'clk'
  7. tsu
  8. tco
  9. tpd
 10. th
 11. Timing Analyzer Messages



----------------
; Legal Notice ;
----------------
Copyright (C) 1991-2009 Altera Corporation
Your use of Altera Corporation's design tools, logic functions 
and other software and tools, and its AMPP partner logic 
functions, and any output files from any of the foregoing 
(including device programming or simulation files), and any 
associated documentation or information are expressly subject 
to the terms and conditions of the Altera Program License 
Subscription Agreement, Altera MegaCore Function License 
Agreement, or other applicable license agreement, including, 
without limitation, that your use is for the sole purpose of 
programming logic devices manufactured by Altera and sold by 
Altera or its authorized distributors.  Please refer to the 
applicable agreement for further details.



+-------------------------------------------------------------------------------------------------------------------------------------------------------------------------+
; Timing Analyzer Summary                                                                                                                                                 ;
+------------------------------+-------+---------------+----------------------------------+---------------+------------------------+------------+----------+--------------+
; Type                         ; Slack ; Required Time ; Actual Time                      ; From          ; To                     ; From Clock ; To Clock ; Failed Paths ;
+------------------------------+-------+---------------+----------------------------------+---------------+------------------------+------------+----------+--------------+
; Worst-case tsu               ; N/A   ; None          ; 6.199 ns                         ; dp            ; sxdl:inst9|fstate.idle ; --         ; clk      ; 0            ;
; Worst-case tco               ; N/A   ; None          ; 15.689 ns                        ; 74273:inst|12 ; a0                     ; clk        ; --       ; 0            ;
; Worst-case tpd               ; N/A   ; None          ; 13.351 ns                        ; KRD           ; a3                     ; --         ; --       ; 0            ;
; Worst-case th                ; N/A   ; None          ; 6.211 ns                         ; IR7           ; 74273:inst|14          ; --         ; clk      ; 0            ;
; Clock Setup: 'clk'           ; N/A   ; None          ; 62.52 MHz ( period = 15.994 ns ) ; 74273:inst|13 ; 74273:inst7|14         ; clk        ; clk      ; 0            ;
; Total number of failed paths ;       ;               ;                                  ;               ;                        ;            ;          ; 0            ;
+------------------------------+-------+---------------+----------------------------------+---------------+------------------------+------------+----------+--------------+


+--------------------------------------------------------------------------------------------------------------------+
; Timing Analyzer Settings                                                                                           ;
+---------------------------------------------------------------------+--------------------+------+----+-------------+
; Option                                                              ; Setting            ; From ; To ; Entity Name ;
+---------------------------------------------------------------------+--------------------+------+----+-------------+
; Device Name                                                         ; EP2C5T144C8        ;      ;    ;             ;
; Timing Models                                                       ; Final              ;      ;    ;             ;
; Default hold multicycle                                             ; Same as Multicycle ;      ;    ;             ;
; Cut paths between unrelated clock domains                           ; On                 ;      ;    ;             ;
; Cut off read during write signal paths                              ; On                 ;      ;    ;             ;
; Cut off feedback from I/O pins                                      ; On                 ;      ;    ;             ;
; Report Combined Fast/Slow Timing                                    ; Off                ;      ;    ;             ;
; Ignore Clock Settings                                               ; Off                ;      ;    ;             ;
; Analyze latches as synchronous elements                             ; On                 ;      ;    ;             ;
; Enable Recovery/Removal analysis                                    ; Off                ;      ;    ;             ;
; Enable Clock Latency                                                ; Off                ;      ;    ;             ;
; Use TimeQuest Timing Analyzer                                       ; Off                ;      ;    ;             ;
; Minimum Core Junction Temperature                                   ; 0                  ;      ;    ;             ;
; Maximum Core Junction Temperature                                   ; 85                 ;      ;    ;             ;
; Number of source nodes to report per destination node               ; 10                 ;      ;    ;             ;
; Number of destination nodes to report                               ; 10                 ;      ;    ;             ;
; Number of paths to report                                           ; 200                ;      ;    ;             ;
; Report Minimum Timing Checks                                        ; Off                ;      ;    ;             ;
; Use Fast Timing Models                                              ; Off                ;      ;    ;             ;
; Report IO Paths Separately                                          ; Off                ;      ;    ;             ;
; Perform Multicorner Analysis                                        ; On                 ;      ;    ;             ;
; Reports the worst-case path for each clock domain and analysis      ; Off                ;      ;    ;             ;
; Removes common clock path pessimism (CCPP) during slack computation ; Off                ;      ;    ;             ;
; Output I/O Timing Endpoint                                          ; Near End           ;      ;    ;             ;
+---------------------------------------------------------------------+--------------------+------+----+-------------+


+------------------------------------------------------------------------------------------------------------------------------------------------------------------------------------+
; Clock Settings Summary                                                                                                                                                             ;
+-----------------+--------------------+----------+------------------+---------------+--------------+----------+-----------------------+---------------------+--------+--------------+
; Clock Node Name ; Clock Setting Name ; Type     ; Fmax Requirement ; Early Latency ; Late Latency ; Based on ; Multiply Base Fmax by ; Divide Base Fmax by ; Offset ; Phase offset ;
+-----------------+--------------------+----------+------------------+---------------+--------------+----------+-----------------------+---------------------+--------+--------------+
; clk             ;                    ; User Pin ; None             ; 0.000 ns      ; 0.000 ns     ; --       ; N/A                   ; N/A                 ; N/A    ;              ;
+-----------------+--------------------+----------+------------------+---------------+--------------+----------+-----------------------+---------------------+--------+--------------+


Parallel compilation was disabled, but you have multiple processors available. Enable parallel compilation to reduce compilation time.
+-------------------------------------+
; Parallel Compilation                ;
+----------------------------+--------+
; Processors                 ; Number ;
+----------------------------+--------+
; Number detected on machine ; 4      ;
; Maximum allowed            ; 1      ;
+----------------------------+--------+


+---------------------------------------------------------------------------------------------------------------------------------------------------------------------------------------------------------------------------------------------------------------+
; Clock Setup: 'clk'                                                                                                                                                                                                                                            ;
+-----------------------------------------+-----------------------------------------------------+-------------------------+-------------------------+------------+----------+-----------------------------+---------------------------+-------------------------+
; Slack                                   ; Actual fmax (period)                                ; From                    ; To                      ; From Clock ; To Clock ; Required Setup Relationship ; Required Longest P2P Time ; Actual Longest P2P Time ;
+-----------------------------------------+-----------------------------------------------------+-------------------------+-------------------------+------------+----------+-----------------------------+---------------------------+-------------------------+
; N/A                                     ; 62.52 MHz ( period = 15.994 ns )                    ; 74273:inst|13           ; 74273:inst7|14          ; clk        ; clk      ; None                        ; None                      ; 3.402 ns                ;
; N/A                                     ; 63.19 MHz ( period = 15.826 ns )                    ; 74273:inst|12           ; 74273:inst7|14          ; clk        ; clk      ; None                        ; None                      ; 3.317 ns                ;
; N/A                                     ; 63.70 MHz ( period = 15.698 ns )                    ; 74273:inst|14           ; 74273:inst7|14          ; clk        ; clk      ; None                        ; None                      ; 3.254 ns                ;
; N/A                                     ; 65.54 MHz ( period = 15.258 ns )                    ; 7474:inst2|10~_emulated ; 74273:inst7|14          ; clk        ; clk      ; None                        ; None                      ; 4.191 ns                ;
; N/A                                     ; 65.88 MHz ( period = 15.178 ns )                    ; 7474:inst1|10~_emulated ; 74273:inst7|14          ; clk        ; clk      ; None                        ; None                      ; 4.155 ns                ;
; N/A                                     ; 67.77 MHz ( period = 14.756 ns )                    ; 74273:inst|13           ; 74273:inst6|19          ; clk        ; clk      ; None                        ; None                      ; 4.489 ns                ;
; N/A                                     ; 69.87 MHz ( period = 14.312 ns )                    ; 74273:inst|13           ; 74273:inst7|16          ; clk        ; clk      ; None                        ; None                      ; 4.267 ns                ;
; N/A                                     ; 70.00 MHz ( period = 14.286 ns )                    ; 7474:inst2|9~_emulated  ; 74273:inst7|14          ; clk        ; clk      ; None                        ; None                      ; 3.712 ns                ;
; N/A                                     ; 70.21 MHz ( period = 14.242 ns )                    ; 74273:inst|14           ; 74273:inst6|19          ; clk        ; clk      ; None                        ; None                      ; 4.232 ns                ;
; N/A                                     ; 70.57 MHz ( period = 14.170 ns )                    ; 74273:inst|14           ; 74273:inst6|17          ; clk        ; clk      ; None                        ; None                      ; 4.202 ns                ;
; N/A                                     ; 70.96 MHz ( period = 14.092 ns )                    ; 74273:inst|13           ; 74273:inst6|16          ; clk        ; clk      ; None                        ; None                      ; 4.157 ns                ;
; N/A                                     ; 71.13 MHz ( period = 14.058 ns )                    ; 74273:inst|14           ; 74273:inst8|13          ; clk        ; clk      ; None                        ; None                      ; 4.140 ns                ;
; N/A                                     ; 71.14 MHz ( period = 14.056 ns )                    ; 74273:inst|13           ; 74273:inst8|19          ; clk        ; clk      ; None                        ; None                      ; 4.139 ns                ;
; N/A                                     ; 71.33 MHz ( period = 14.020 ns )                    ; 7474:inst2|10~_emulated ; 74273:inst6|19          ; clk        ; clk      ; None                        ; None                      ; 5.278 ns                ;
; N/A                                     ; 71.33 MHz ( period = 14.020 ns )                    ; 74273:inst|13           ; 74273:inst7|15          ; clk        ; clk      ; None                        ; None                      ; 4.121 ns                ;
; N/A                                     ; 71.59 MHz ( period = 13.968 ns )                    ; 74273:inst|14           ; 74273:inst8|14          ; clk        ; clk      ; None                        ; None                      ; 4.102 ns                ;
; N/A                                     ; 71.66 MHz ( period = 13.954 ns )                    ; 74273:inst|14           ; 74273:inst8|16          ; clk        ; clk      ; None                        ; None                      ; 4.095 ns                ;
; N/A                                     ; 71.98 MHz ( period = 13.892 ns )                    ; 74273:inst|13           ; 74273:inst6|15          ; clk        ; clk      ; None                        ; None                      ; 4.057 ns                ;
; N/A                                     ; 72.75 MHz ( period = 13.746 ns )                    ; 74273:inst|13           ; 74273:inst8|18          ; clk        ; clk      ; None                        ; None                      ; 3.984 ns                ;
; N/A                                     ; 73.05 MHz ( period = 13.690 ns )                    ; 74273:inst|13           ; 74273:inst6|17          ; clk        ; clk      ; None                        ; None                      ; 3.962 ns                ;
; N/A                                     ; 73.62 MHz ( period = 13.584 ns )                    ; 74273:inst|13           ; 74273:inst6|18          ; clk        ; clk      ; None                        ; None                      ; 3.894 ns                ;
; N/A                                     ; 73.66 MHz ( period = 13.576 ns )                    ; 7474:inst2|10~_emulated ; 74273:inst7|16          ; clk        ; clk      ; None                        ; None                      ; 5.056 ns                ;
; N/A                                     ; 73.77 MHz ( period = 13.556 ns )                    ; 74273:inst|14           ; 74273:inst6|16          ; clk        ; clk      ; None                        ; None                      ; 3.889 ns                ;
; N/A                                     ; 73.99 MHz ( period = 13.516 ns )                    ; 74273:inst|14           ; 74273:inst6|18          ; clk        ; clk      ; None                        ; None                      ; 3.860 ns                ;
; N/A                                     ; 74.16 MHz ( period = 13.484 ns )                    ; 74273:inst|13           ; 74273:inst8|15          ; clk        ; clk      ; None                        ; None                      ; 3.853 ns                ;
; N/A                                     ; 74.60 MHz ( period = 13.404 ns )                    ; 74273:inst|12           ; 74273:inst6|19          ; clk        ; clk      ; None                        ; None                      ; 3.812 ns                ;
; N/A                                     ; 74.86 MHz ( period = 13.358 ns )                    ; 74273:inst|14           ; 74273:inst6|15          ; clk        ; clk      ; None                        ; None                      ; 3.790 ns                ;
; N/A                                     ; 74.87 MHz ( period = 13.356 ns )                    ; 7474:inst2|10~_emulated ; 74273:inst6|16          ; clk        ; clk      ; None                        ; None                      ; 4.946 ns                ;
; N/A                                     ; 75.08 MHz ( period = 13.320 ns )                    ; 7474:inst2|10~_emulated ; 74273:inst8|19          ; clk        ; clk      ; None                        ; None                      ; 4.928 ns                ;
; N/A                                     ; 75.28 MHz ( period = 13.284 ns )                    ; 7474:inst2|10~_emulated ; 74273:inst7|15          ; clk        ; clk      ; None                        ; None                      ; 4.910 ns                ;
; N/A                                     ; 75.35 MHz ( period = 13.272 ns )                    ; 74273:inst|13           ; 74273:inst8|13          ; clk        ; clk      ; None                        ; None                      ; 3.747 ns                ;
; N/A                                     ; 75.39 MHz ( period = 13.264 ns )                    ; 74273:inst|13           ; 74273:inst6|12          ; clk        ; clk      ; None                        ; None                      ; 3.743 ns                ;
; N/A                                     ; 75.68 MHz ( period = 13.214 ns )                    ; 74273:inst|13           ; 74273:inst7|13          ; clk        ; clk      ; None                        ; None                      ; 3.709 ns                ;
; N/A                                     ; 75.76 MHz ( period = 13.200 ns )                    ; 74273:inst|13           ; 74273:inst7|18          ; clk        ; clk      ; None                        ; None                      ; 3.711 ns                ;
; N/A                                     ; 75.88 MHz ( period = 13.178 ns )                    ; 74273:inst|13           ; 74273:inst7|19          ; clk        ; clk      ; None                        ; None                      ; 3.700 ns                ;
; N/A                                     ; 76.01 MHz ( period = 13.156 ns )                    ; 7474:inst2|10~_emulated ; 74273:inst6|15          ; clk        ; clk      ; None                        ; None                      ; 4.846 ns                ;
; N/A                                     ; 76.07 MHz ( period = 13.146 ns )                    ; 74273:inst|12           ; 74273:inst8|15          ; clk        ; clk      ; None                        ; None                      ; 3.683 ns                ;
; N/A                                     ; 76.86 MHz ( period = 13.010 ns )                    ; 7474:inst2|10~_emulated ; 74273:inst8|18          ; clk        ; clk      ; None                        ; None                      ; 4.773 ns                ;
; N/A                                     ; 77.20 MHz ( period = 12.954 ns )                    ; 7474:inst2|10~_emulated ; 74273:inst6|17          ; clk        ; clk      ; None                        ; None                      ; 4.751 ns                ;
; N/A                                     ; 77.83 MHz ( period = 12.848 ns )                    ; 7474:inst2|10~_emulated ; 74273:inst6|18          ; clk        ; clk      ; None                        ; None                      ; 4.683 ns                ;
; N/A                                     ; 77.85 MHz ( period = 12.846 ns )                    ; 74273:inst|14           ; 74273:inst7|13          ; clk        ; clk      ; None                        ; None                      ; 3.525 ns                ;
; N/A                                     ; 77.94 MHz ( period = 12.830 ns )                    ; 7474:inst2|9~_emulated  ; 74273:inst6|19          ; clk        ; clk      ; None                        ; None                      ; 4.690 ns                ;
; N/A                                     ; 78.08 MHz ( period = 12.808 ns )                    ; 74273:inst|12           ; 74273:inst6|16          ; clk        ; clk      ; None                        ; None                      ; 3.514 ns                ;
; N/A                                     ; 78.11 MHz ( period = 12.802 ns )                    ; 74273:inst|12           ; 74273:inst7|13          ; clk        ; clk      ; None                        ; None                      ; 3.502 ns                ;
; N/A                                     ; 78.14 MHz ( period = 12.798 ns )                    ; 74273:inst|12           ; 74273:inst8|13          ; clk        ; clk      ; None                        ; None                      ; 3.509 ns                ;
; N/A                                     ; 78.31 MHz ( period = 12.770 ns )                    ; 74273:inst|12           ; 74273:inst8|19          ; clk        ; clk      ; None                        ; None                      ; 3.495 ns                ;
; N/A                                     ; 78.38 MHz ( period = 12.758 ns )                    ; 7474:inst2|9~_emulated  ; 74273:inst6|17          ; clk        ; clk      ; None                        ; None                      ; 4.660 ns                ;
; N/A                                     ; 78.44 MHz ( period = 12.748 ns )                    ; 7474:inst2|10~_emulated ; 74273:inst8|15          ; clk        ; clk      ; None                        ; None                      ; 4.642 ns                ;
; N/A                                     ; 78.57 MHz ( period = 12.728 ns )                    ; 74273:inst|12           ; 74273:inst7|15          ; clk        ; clk      ; None                        ; None                      ; 3.474 ns                ;
; N/A                                     ; 78.64 MHz ( period = 12.716 ns )                    ; 74273:inst|12           ; 74273:inst8|14          ; clk        ; clk      ; None                        ; None                      ; 3.475 ns                ;
; N/A                                     ; 78.68 MHz ( period = 12.710 ns )                    ; 74273:inst|12           ; 74273:inst8|16          ; clk        ; clk      ; None                        ; None                      ; 3.472 ns                ;
; N/A                                     ; 78.83 MHz ( period = 12.686 ns )                    ; 7474:inst1|10~_emulated ; 74273:inst6|17          ; clk        ; clk      ; None                        ; None                      ; 4.621 ns                ;
; N/A                                     ; 79.08 MHz ( period = 12.646 ns )                    ; 7474:inst2|9~_emulated  ; 74273:inst8|13          ; clk        ; clk      ; None                        ; None                      ; 4.598 ns                ;
; N/A                                     ; 79.29 MHz ( period = 12.612 ns )                    ; 74273:inst|12           ; 74273:inst6|15          ; clk        ; clk      ; None                        ; None                      ; 3.416 ns                ;
; N/A                                     ; 79.45 MHz ( period = 12.586 ns )                    ; 74273:inst|14           ; 74273:inst7|16          ; clk        ; clk      ; None                        ; None                      ; 3.404 ns                ;
; N/A                                     ; 79.64 MHz ( period = 12.556 ns )                    ; 7474:inst2|9~_emulated  ; 74273:inst8|14          ; clk        ; clk      ; None                        ; None                      ; 4.560 ns                ;
; N/A                                     ; 79.73 MHz ( period = 12.542 ns )                    ; 7474:inst2|9~_emulated  ; 74273:inst8|16          ; clk        ; clk      ; None                        ; None                      ; 4.553 ns                ;
; N/A                                     ; 79.77 MHz ( period = 12.536 ns )                    ; 7474:inst2|10~_emulated ; 74273:inst8|13          ; clk        ; clk      ; None                        ; None                      ; 4.536 ns                ;
; N/A                                     ; 79.82 MHz ( period = 12.528 ns )                    ; 7474:inst2|10~_emulated ; 74273:inst6|12          ; clk        ; clk      ; None                        ; None                      ; 4.532 ns                ;
; N/A                                     ; 80.05 MHz ( period = 12.492 ns )                    ; 74273:inst|12           ; 74273:inst6|13          ; clk        ; clk      ; None                        ; None                      ; 3.347 ns                ;
; N/A                                     ; 80.06 MHz ( period = 12.490 ns )                    ; 74273:inst|12           ; 74273:inst6|18          ; clk        ; clk      ; None                        ; None                      ; 3.346 ns                ;
; N/A                                     ; 80.14 MHz ( period = 12.478 ns )                    ; 7474:inst2|10~_emulated ; 74273:inst7|13          ; clk        ; clk      ; None                        ; None                      ; 4.498 ns                ;
; N/A                                     ; 80.23 MHz ( period = 12.464 ns )                    ; 7474:inst2|10~_emulated ; 74273:inst7|18          ; clk        ; clk      ; None                        ; None                      ; 4.500 ns                ;
; N/A                                     ; 80.37 MHz ( period = 12.442 ns )                    ; 7474:inst2|10~_emulated ; 74273:inst7|19          ; clk        ; clk      ; None                        ; None                      ; 4.489 ns                ;
; N/A                                     ; 80.48 MHz ( period = 12.426 ns )                    ; 7474:inst1|10~_emulated ; 74273:inst8|15          ; clk        ; clk      ; None                        ; None                      ; 4.485 ns                ;
; N/A                                     ; 80.50 MHz ( period = 12.422 ns )                    ; 74273:inst|13           ; 74273:inst7|12          ; clk        ; clk      ; None                        ; None                      ; 3.313 ns                ;
; N/A                                     ; 80.67 MHz ( period = 12.396 ns )                    ; 74273:inst|14           ; 74273:inst8|15          ; clk        ; clk      ; None                        ; None                      ; 3.309 ns                ;
; N/A                                     ; 80.88 MHz ( period = 12.364 ns )                    ; 74273:inst|14           ; 74273:inst7|15          ; clk        ; clk      ; None                        ; None                      ; 3.293 ns                ;
; N/A                                     ; 81.34 MHz ( period = 12.294 ns )                    ; 7474:inst3|9~_emulated  ; 74273:inst7|14          ; clk        ; clk      ; None                        ; None                      ; 2.717 ns                ;
; N/A                                     ; 81.81 MHz ( period = 12.224 ns )                    ; 7474:inst1|10~_emulated ; 74273:inst6|18          ; clk        ; clk      ; None                        ; None                      ; 4.375 ns                ;
; N/A                                     ; 82.25 MHz ( period = 12.158 ns )                    ; 74273:inst|14           ; 74273:inst7|18          ; clk        ; clk      ; None                        ; None                      ; 3.190 ns                ;
; N/A                                     ; 82.35 MHz ( period = 12.144 ns )                    ; 7474:inst2|9~_emulated  ; 74273:inst6|16          ; clk        ; clk      ; None                        ; None                      ; 4.347 ns                ;
; N/A                                     ; 82.62 MHz ( period = 12.104 ns )                    ; 7474:inst2|9~_emulated  ; 74273:inst6|18          ; clk        ; clk      ; None                        ; None                      ; 4.318 ns                ;
; N/A                                     ; 82.75 MHz ( period = 12.084 ns )                    ; 74273:inst|13           ; 74273:inst6|14          ; clk        ; clk      ; None                        ; None                      ; 3.144 ns                ;
; N/A                                     ; 82.77 MHz ( period = 12.082 ns )                    ; 74273:inst|13           ; 74273:inst6|13          ; clk        ; clk      ; None                        ; None                      ; 3.143 ns                ;
; N/A                                     ; 82.90 MHz ( period = 12.062 ns )                    ; 74273:inst|14           ; 74273:inst7|12          ; clk        ; clk      ; None                        ; None                      ; 3.133 ns                ;
; N/A                                     ; 83.50 MHz ( period = 11.976 ns )                    ; 7474:inst1|10~_emulated ; 74273:inst8|13          ; clk        ; clk      ; None                        ; None                      ; 4.260 ns                ;
; N/A                                     ; 83.68 MHz ( period = 11.950 ns )                    ; 7474:inst1|10~_emulated ; 74273:inst8|19          ; clk        ; clk      ; None                        ; None                      ; 4.247 ns                ;
; N/A                                     ; 83.71 MHz ( period = 11.946 ns )                    ; 7474:inst2|9~_emulated  ; 74273:inst6|15          ; clk        ; clk      ; None                        ; None                      ; 4.248 ns                ;
; N/A                                     ; 84.05 MHz ( period = 11.898 ns )                    ; 7474:inst1|10~_emulated ; 74273:inst7|15          ; clk        ; clk      ; None                        ; None                      ; 4.221 ns                ;
; N/A                                     ; 84.10 MHz ( period = 11.890 ns )                    ; 7474:inst1|10~_emulated ; 74273:inst8|16          ; clk        ; clk      ; None                        ; None                      ; 4.224 ns                ;
; N/A                                     ; 84.13 MHz ( period = 11.886 ns )                    ; 74273:inst|14           ; 74273:inst8|19          ; clk        ; clk      ; None                        ; None                      ; 3.054 ns                ;
; N/A                                     ; 84.18 MHz ( period = 11.880 ns )                    ; 7474:inst1|10~_emulated ; 74273:inst8|14          ; clk        ; clk      ; None                        ; None                      ; 4.219 ns                ;
; N/A                                     ; 84.33 MHz ( period = 11.858 ns )                    ; 7474:inst1|10~_emulated ; 74273:inst7|13          ; clk        ; clk      ; None                        ; None                      ; 4.192 ns                ;
; N/A                                     ; 85.30 MHz ( period = 11.724 ns )                    ; 74273:inst|14           ; 74273:inst6|13          ; clk        ; clk      ; None                        ; None                      ; 2.964 ns                ;
; N/A                                     ; 85.35 MHz ( period = 11.716 ns )                    ; 74273:inst|14           ; 74273:inst6|14          ; clk        ; clk      ; None                        ; None                      ; 2.960 ns                ;
; N/A                                     ; 85.57 MHz ( period = 11.686 ns )                    ; 7474:inst2|10~_emulated ; 74273:inst7|12          ; clk        ; clk      ; None                        ; None                      ; 4.102 ns                ;
; N/A                                     ; 85.68 MHz ( period = 11.672 ns )                    ; 74273:inst|12           ; 74273:inst6|14          ; clk        ; clk      ; None                        ; None                      ; 2.937 ns                ;
; N/A                                     ; 85.73 MHz ( period = 11.664 ns )                    ; 74273:inst|13           ; 74273:inst8|16          ; clk        ; clk      ; None                        ; None                      ; 2.950 ns                ;
; N/A                                     ; 85.76 MHz ( period = 11.660 ns )                    ; 74273:inst|13           ; 74273:inst8|14          ; clk        ; clk      ; None                        ; None                      ; 2.948 ns                ;
; N/A                                     ; 87.32 MHz ( period = 11.452 ns )                    ; 74273:inst|14           ; 74273:inst7|19          ; clk        ; clk      ; None                        ; None                      ; 2.837 ns                ;
; N/A                                     ; 87.37 MHz ( period = 11.446 ns )                    ; 74273:inst|14           ; 74273:inst6|12          ; clk        ; clk      ; None                        ; None                      ; 2.834 ns                ;
; N/A                                     ; 87.44 MHz ( period = 11.436 ns )                    ; 74273:inst|12           ; 74273:inst6|17          ; clk        ; clk      ; None                        ; None                      ; 2.834 ns                ;
; N/A                                     ; 87.46 MHz ( period = 11.434 ns )                    ; 7474:inst2|9~_emulated  ; 74273:inst7|13          ; clk        ; clk      ; None                        ; None                      ; 3.983 ns                ;
; N/A                                     ; 87.97 MHz ( period = 11.368 ns )                    ; 74273:inst8|13          ; 7474:inst1|10~_emulated ; clk        ; clk      ; None                        ; None                      ; 6.766 ns                ;
; N/A                                     ; 87.98 MHz ( period = 11.366 ns )                    ; 74273:inst|14           ; 74273:inst8|18          ; clk        ; clk      ; None                        ; None                      ; 2.794 ns                ;
; N/A                                     ; 88.12 MHz ( period = 11.348 ns )                    ; 7474:inst2|10~_emulated ; 74273:inst6|14          ; clk        ; clk      ; None                        ; None                      ; 3.933 ns                ;
; N/A                                     ; 88.14 MHz ( period = 11.346 ns )                    ; 7474:inst2|10~_emulated ; 74273:inst6|13          ; clk        ; clk      ; None                        ; None                      ; 3.932 ns                ;
; N/A                                     ; 88.53 MHz ( period = 11.296 ns )                    ; 7474:inst1|10~_emulated ; 74273:inst7|12          ; clk        ; clk      ; None                        ; None                      ; 3.911 ns                ;
; N/A                                     ; 89.49 MHz ( period = 11.174 ns )                    ; 7474:inst2|9~_emulated  ; 74273:inst7|16          ; clk        ; clk      ; None                        ; None                      ; 3.862 ns                ;
; N/A                                     ; 89.75 MHz ( period = 11.142 ns )                    ; 74273:inst|12           ; 74273:inst8|18          ; clk        ; clk      ; None                        ; None                      ; 2.681 ns                ;
; N/A                                     ; 89.85 MHz ( period = 11.130 ns )                    ; 74273:inst|12           ; 74273:inst6|12          ; clk        ; clk      ; None                        ; None                      ; 2.675 ns                ;
; N/A                                     ; 89.85 MHz ( period = 11.130 ns )                    ; 74273:inst|12           ; 74273:inst7|18          ; clk        ; clk      ; None                        ; None                      ; 2.675 ns                ;
; N/A                                     ; 89.88 MHz ( period = 11.126 ns )                    ; 7474:inst1|9~_emulated  ; 74273:inst6|19          ; clk        ; clk      ; None                        ; None                      ; 3.833 ns                ;
; N/A                                     ; 91.04 MHz ( period = 10.984 ns )                    ; 7474:inst2|9~_emulated  ; 74273:inst8|15          ; clk        ; clk      ; None                        ; None                      ; 3.767 ns                ;
; N/A                                     ; 91.29 MHz ( period = 10.954 ns )                    ; 7474:inst1|10~_emulated ; 74273:inst6|13          ; clk        ; clk      ; None                        ; None                      ; 3.740 ns                ;
; N/A                                     ; 91.31 MHz ( period = 10.952 ns )                    ; 7474:inst2|9~_emulated  ; 74273:inst7|15          ; clk        ; clk      ; None                        ; None                      ; 3.751 ns                ;
; N/A                                     ; 91.51 MHz ( period = 10.928 ns )                    ; 7474:inst2|10~_emulated ; 74273:inst8|16          ; clk        ; clk      ; None                        ; None                      ; 3.739 ns                ;
; N/A                                     ; 91.54 MHz ( period = 10.924 ns )                    ; 7474:inst2|10~_emulated ; 74273:inst8|14          ; clk        ; clk      ; None                        ; None                      ; 3.737 ns                ;
; N/A                                     ; 91.89 MHz ( period = 10.882 ns )                    ; 74273:inst8|13          ; 7474:inst2|9~_emulated  ; clk        ; clk      ; None                        ; None                      ; 6.520 ns                ;
; N/A                                     ; 93.01 MHz ( period = 10.752 ns )                    ; 7474:inst1|10~_emulated ; 74273:inst6|16          ; clk        ; clk      ; None                        ; None                      ; 3.648 ns                ;
; N/A                                     ; 93.06 MHz ( period = 10.746 ns )                    ; 7474:inst2|9~_emulated  ; 74273:inst7|18          ; clk        ; clk      ; None                        ; None                      ; 3.648 ns                ;
; N/A                                     ; 93.21 MHz ( period = 10.728 ns )                    ; 7474:inst1|10~_emulated ; 74273:inst6|14          ; clk        ; clk      ; None                        ; None                      ; 3.627 ns                ;
; N/A                                     ; 93.90 MHz ( period = 10.650 ns )                    ; 7474:inst2|9~_emulated  ; 74273:inst7|12          ; clk        ; clk      ; None                        ; None                      ; 3.591 ns                ;
; N/A                                     ; 94.80 MHz ( period = 10.548 ns )                    ; 7474:inst1|9~_emulated  ; 74273:inst6|17          ; clk        ; clk      ; None                        ; None                      ; 3.550 ns                ;
; N/A                                     ; 95.20 MHz ( period = 10.504 ns )                    ; 74273:inst|12           ; 74273:inst7|12          ; clk        ; clk      ; None                        ; None                      ; 2.353 ns                ;
; N/A                                     ; 95.47 MHz ( period = 10.474 ns )                    ; 7474:inst2|9~_emulated  ; 74273:inst8|19          ; clk        ; clk      ; None                        ; None                      ; 3.512 ns                ;
; N/A                                     ; 95.73 MHz ( period = 10.446 ns )                    ; 7474:inst1|9~_emulated  ; 74273:inst6|16          ; clk        ; clk      ; None                        ; None                      ; 3.493 ns                ;
; N/A                                     ; 95.84 MHz ( period = 10.434 ns )                    ; 7474:inst1|9~_emulated  ; 74273:inst8|13          ; clk        ; clk      ; None                        ; None                      ; 3.487 ns                ;
; N/A                                     ; 96.06 MHz ( period = 10.410 ns )                    ; 7474:inst1|9~_emulated  ; 74273:inst8|19          ; clk        ; clk      ; None                        ; None                      ; 3.475 ns                ;
; N/A                                     ; 96.38 MHz ( period = 10.376 ns )                    ; 7474:inst1|9~_emulated  ; 74273:inst7|15          ; clk        ; clk      ; None                        ; None                      ; 3.458 ns                ;
; N/A                                     ; 96.64 MHz ( period = 10.348 ns )                    ; 7474:inst1|9~_emulated  ; 74273:inst8|16          ; clk        ; clk      ; None                        ; None                      ; 3.451 ns                ;
; N/A                                     ; 96.66 MHz ( period = 10.346 ns )                    ; 7474:inst1|9~_emulated  ; 74273:inst8|14          ; clk        ; clk      ; None                        ; None                      ; 3.450 ns                ;
; N/A                                     ; 96.73 MHz ( period = 10.338 ns )                    ; 7474:inst1|9~_emulated  ; 74273:inst8|15          ; clk        ; clk      ; None                        ; None                      ; 3.439 ns                ;
; N/A                                     ; 96.97 MHz ( period = 10.312 ns )                    ; 7474:inst2|9~_emulated  ; 74273:inst6|13          ; clk        ; clk      ; None                        ; None                      ; 3.422 ns                ;
; N/A                                     ; 97.05 MHz ( period = 10.304 ns )                    ; 7474:inst2|9~_emulated  ; 74273:inst6|14          ; clk        ; clk      ; None                        ; None                      ; 3.418 ns                ;
; N/A                                     ; 97.60 MHz ( period = 10.246 ns )                    ; 7474:inst1|9~_emulated  ; 74273:inst6|15          ; clk        ; clk      ; None                        ; None                      ; 3.393 ns                ;
; N/A                                     ; 97.98 MHz ( period = 10.206 ns )                    ; 7474:inst1|9~_emulated  ; 74273:inst7|14          ; clk        ; clk      ; None                        ; None                      ; 1.667 ns                ;
; N/A                                     ; 98.06 MHz ( period = 10.198 ns )                    ; 7474:inst1|10~_emulated ; 74273:inst8|18          ; clk        ; clk      ; None                        ; None                      ; 3.371 ns                ;
; N/A                                     ; 99.60 MHz ( period = 10.040 ns )                    ; 7474:inst2|9~_emulated  ; 74273:inst7|19          ; clk        ; clk      ; None                        ; None                      ; 3.295 ns                ;
; N/A                                     ; 99.66 MHz ( period = 10.034 ns )                    ; 7474:inst2|9~_emulated  ; 74273:inst6|12          ; clk        ; clk      ; None                        ; None                      ; 3.292 ns                ;
; N/A                                     ; 99.74 MHz ( period = 10.026 ns )                    ; 7474:inst1|9~_emulated  ; 74273:inst7|12          ; clk        ; clk      ; None                        ; None                      ; 3.274 ns                ;
; N/A                                     ; 99.76 MHz ( period = 10.024 ns )                    ; 7474:inst1|9~_emulated  ; 74273:inst6|18          ; clk        ; clk      ; None                        ; None                      ; 3.273 ns                ;
; N/A                                     ; 100.46 MHz ( period = 9.954 ns )                    ; 7474:inst2|9~_emulated  ; 74273:inst8|18          ; clk        ; clk      ; None                        ; None                      ; 3.252 ns                ;
; N/A                                     ; 101.30 MHz ( period = 9.872 ns )                    ; 7474:inst3|9~_emulated  ; 74273:inst6|19          ; clk        ; clk      ; None                        ; None                      ; 3.212 ns                ;
; N/A                                     ; 103.46 MHz ( period = 9.666 ns )                    ; 7474:inst1|10~_emulated ; 74273:inst7|16          ; clk        ; clk      ; None                        ; None                      ; 3.105 ns                ;
; N/A                                     ; 104.01 MHz ( period = 9.614 ns )                    ; 7474:inst3|9~_emulated  ; 74273:inst8|15          ; clk        ; clk      ; None                        ; None                      ; 3.083 ns                ;
; N/A                                     ; 107.81 MHz ( period = 9.276 ns )                    ; 7474:inst3|9~_emulated  ; 74273:inst6|16          ; clk        ; clk      ; None                        ; None                      ; 2.914 ns                ;
; N/A                                     ; 107.87 MHz ( period = 9.270 ns )                    ; 7474:inst3|9~_emulated  ; 74273:inst7|13          ; clk        ; clk      ; None                        ; None                      ; 2.902 ns                ;
; N/A                                     ; 107.92 MHz ( period = 9.266 ns )                    ; 7474:inst3|9~_emulated  ; 74273:inst8|13          ; clk        ; clk      ; None                        ; None                      ; 2.909 ns                ;
; N/A                                     ; 108.25 MHz ( period = 9.238 ns )                    ; 7474:inst3|9~_emulated  ; 74273:inst8|19          ; clk        ; clk      ; None                        ; None                      ; 2.895 ns                ;
; N/A                                     ; 108.74 MHz ( period = 9.196 ns )                    ; 7474:inst3|9~_emulated  ; 74273:inst7|15          ; clk        ; clk      ; None                        ; None                      ; 2.874 ns                ;
; N/A                                     ; 108.89 MHz ( period = 9.184 ns )                    ; 7474:inst3|9~_emulated  ; 74273:inst8|14          ; clk        ; clk      ; None                        ; None                      ; 2.875 ns                ;
; N/A                                     ; 108.96 MHz ( period = 9.178 ns )                    ; 7474:inst3|9~_emulated  ; 74273:inst8|16          ; clk        ; clk      ; None                        ; None                      ; 2.872 ns                ;
; N/A                                     ; 109.15 MHz ( period = 9.162 ns )                    ; 7474:inst1|9~_emulated  ; 74273:inst7|13          ; clk        ; clk      ; None                        ; None                      ; 2.842 ns                ;
; N/A                                     ; 110.13 MHz ( period = 9.080 ns )                    ; 7474:inst3|9~_emulated  ; 74273:inst6|15          ; clk        ; clk      ; None                        ; None                      ; 2.816 ns                ;
; N/A                                     ; 110.55 MHz ( period = 9.046 ns )                    ; 7474:inst1|10~_emulated ; 74273:inst6|12          ; clk        ; clk      ; None                        ; None                      ; 2.795 ns                ;
; N/A                                     ; 110.60 MHz ( period = 9.042 ns )                    ; 7474:inst1|10~_emulated ; 74273:inst6|15          ; clk        ; clk      ; None                        ; None                      ; 2.793 ns                ;
; N/A                                     ; 110.69 MHz ( period = 9.034 ns )                    ; 7474:inst1|10~_emulated ; 74273:inst6|19          ; clk        ; clk      ; None                        ; None                      ; 2.789 ns                ;
; N/A                                     ; 111.61 MHz ( period = 8.960 ns )                    ; 7474:inst3|9~_emulated  ; 74273:inst6|13          ; clk        ; clk      ; None                        ; None                      ; 2.747 ns                ;
; N/A                                     ; 111.63 MHz ( period = 8.958 ns )                    ; 7474:inst3|9~_emulated  ; 74273:inst6|18          ; clk        ; clk      ; None                        ; None                      ; 2.746 ns                ;
; N/A                                     ; 113.33 MHz ( period = 8.824 ns )                    ; 7474:inst1|10~_emulated ; 74273:inst7|18          ; clk        ; clk      ; None                        ; None                      ; 2.684 ns                ;
; N/A                                     ; 115.47 MHz ( period = 8.660 ns )                    ; 7474:inst1|9~_emulated  ; 74273:inst7|16          ; clk        ; clk      ; None                        ; None                      ; 2.600 ns                ;
; N/A                                     ; 115.90 MHz ( period = 8.628 ns )                    ; 74273:inst8|13          ; 7474:inst2|10~_emulated ; clk        ; clk      ; None                        ; None                      ; 5.400 ns                ;
; N/A                                     ; 116.74 MHz ( period = 8.566 ns )                    ; 7474:inst1|9~_emulated  ; 74273:inst7|18          ; clk        ; clk      ; None                        ; None                      ; 2.553 ns                ;
; N/A                                     ; 117.21 MHz ( period = 8.532 ns )                    ; 7474:inst1|10~_emulated ; 74273:inst7|19          ; clk        ; clk      ; None                        ; None                      ; 2.538 ns                ;
; N/A                                     ; 118.34 MHz ( period = 8.450 ns )                    ; 7474:inst1|9~_emulated  ; 74273:inst6|13          ; clk        ; clk      ; None                        ; None                      ; 2.486 ns                ;
; N/A                                     ; 120.42 MHz ( period = 8.304 ns )                    ; 7474:inst1|9~_emulated  ; 74273:inst6|12          ; clk        ; clk      ; None                        ; None                      ; 2.422 ns                ;
; N/A                                     ; 122.85 MHz ( period = 8.140 ns )                    ; 7474:inst3|9~_emulated  ; 74273:inst6|14          ; clk        ; clk      ; None                        ; None                      ; 2.337 ns                ;
; N/A                                     ; 124.50 MHz ( period = 8.032 ns )                    ; 7474:inst1|9~_emulated  ; 74273:inst6|14          ; clk        ; clk      ; None                        ; None                      ; 2.277 ns                ;
; N/A                                     ; 126.45 MHz ( period = 7.908 ns )                    ; 7474:inst1|9~_emulated  ; 74273:inst8|18          ; clk        ; clk      ; None                        ; None                      ; 2.224 ns                ;
; N/A                                     ; 126.52 MHz ( period = 7.904 ns )                    ; 7474:inst3|9~_emulated  ; 74273:inst6|17          ; clk        ; clk      ; None                        ; None                      ; 2.234 ns                ;
; N/A                                     ; 131.41 MHz ( period = 7.610 ns )                    ; 7474:inst3|9~_emulated  ; 74273:inst8|18          ; clk        ; clk      ; None                        ; None                      ; 2.081 ns                ;
; N/A                                     ; 131.61 MHz ( period = 7.598 ns )                    ; 7474:inst3|9~_emulated  ; 74273:inst6|12          ; clk        ; clk      ; None                        ; None                      ; 2.075 ns                ;
; N/A                                     ; 131.61 MHz ( period = 7.598 ns )                    ; 7474:inst3|9~_emulated  ; 74273:inst7|18          ; clk        ; clk      ; None                        ; None                      ; 2.075 ns                ;
; N/A                                     ; 132.87 MHz ( period = 7.526 ns )                    ; 7474:inst1|9~_emulated  ; 74273:inst7|19          ; clk        ; clk      ; None                        ; None                      ; 2.033 ns                ;
; N/A                                     ; 136.35 MHz ( period = 7.334 ns )                    ; 74273:inst|13           ; 7474:inst1|10~_emulated ; clk        ; clk      ; None                        ; None                      ; 5.791 ns                ;
; N/A                                     ; 141.02 MHz ( period = 7.091 ns )                    ; 74273:inst|13           ; 7474:inst2|9~_emulated  ; clk        ; clk      ; None                        ; None                      ; 5.545 ns                ;
; N/A                                     ; 143.43 MHz ( period = 6.972 ns )                    ; 7474:inst3|9~_emulated  ; 74273:inst7|12          ; clk        ; clk      ; None                        ; None                      ; 1.753 ns                ;
; N/A                                     ; 143.55 MHz ( period = 6.966 ns )                    ; 7474:inst2|10~_emulated ; 7474:inst1|10~_emulated ; clk        ; clk      ; None                        ; None                      ; 6.580 ns                ;
; N/A                                     ; 147.34 MHz ( period = 6.787 ns )                    ; 74273:inst|12           ; 7474:inst1|10~_emulated ; clk        ; clk      ; None                        ; None                      ; 5.243 ns                ;
; N/A                                     ; 147.49 MHz ( period = 6.780 ns )                    ; sxdl:inst9|fstate.st4   ; 74273:inst7|14          ; clk        ; clk      ; None                        ; None                      ; 5.112 ns                ;
; N/A                                     ; 148.10 MHz ( period = 6.752 ns )                    ; 74273:inst|14           ; 7474:inst1|10~_emulated ; clk        ; clk      ; None                        ; None                      ; 5.209 ns                ;
; N/A                                     ; 148.74 MHz ( period = 6.723 ns )                    ; 7474:inst2|10~_emulated ; 7474:inst2|9~_emulated  ; clk        ; clk      ; None                        ; None                      ; 6.334 ns                ;
; N/A                                     ; 150.29 MHz ( period = 6.654 ns )                    ; 7474:inst1|10~_emulated ; 7474:inst1|10~_emulated ; clk        ; clk      ; None                        ; None                      ; 6.272 ns                ;
; N/A                                     ; 150.29 MHz ( period = 6.654 ns )                    ; sxdl:inst9|fstate.s_st4 ; 74273:inst7|14          ; clk        ; clk      ; None                        ; None                      ; 5.049 ns                ;
; N/A                                     ; 151.72 MHz ( period = 6.591 ns )                    ; 74273:inst|12           ; 7474:inst2|9~_emulated  ; clk        ; clk      ; None                        ; None                      ; 5.044 ns                ;
; N/A                                     ; 157.55 MHz ( period = 6.347 ns )                    ; 74273:inst8|13          ; 74273:inst7|14          ; clk        ; clk      ; None                        ; None                      ; 4.377 ns                ;
; N/A                                     ; 163.56 MHz ( period = 6.114 ns )                    ; 74273:inst|14           ; 7474:inst2|9~_emulated  ; clk        ; clk      ; None                        ; None                      ; 4.568 ns                ;
; N/A                                     ; 165.40 MHz ( period = 6.046 ns )                    ; 7474:inst2|9~_emulated  ; 7474:inst1|10~_emulated ; clk        ; clk      ; None                        ; None                      ; 5.667 ns                ;
; N/A                                     ; 167.67 MHz ( period = 5.964 ns )                    ; 74273:inst|13           ; 7474:inst2|10~_emulated ; clk        ; clk      ; None                        ; None                      ; 4.425 ns                ;
; N/A                                     ; 172.56 MHz ( period = 5.795 ns )                    ; 74273:inst|12           ; 7474:inst2|10~_emulated ; clk        ; clk      ; None                        ; None                      ; 4.255 ns                ;
; N/A                                     ; 174.58 MHz ( period = 5.728 ns )                    ; 74273:inst8|13          ; 74273:inst6|19          ; clk        ; clk      ; None                        ; None                      ; 5.464 ns                ;
; N/A                                     ; 178.70 MHz ( period = 5.596 ns )                    ; 7474:inst2|10~_emulated ; 7474:inst2|10~_emulated ; clk        ; clk      ; None                        ; None                      ; 5.214 ns                ;
; N/A                                     ; 180.44 MHz ( period = 5.542 ns )                    ; sxdl:inst9|fstate.st4   ; 74273:inst6|19          ; clk        ; clk      ; None                        ; None                      ; 6.199 ns                ;
; N/A                                     ; 181.62 MHz ( period = 5.506 ns )                    ; 74273:inst8|13          ; 74273:inst7|16          ; clk        ; clk      ; None                        ; None                      ; 5.242 ns                ;
; N/A                                     ; 182.05 MHz ( period = 5.493 ns )                    ; 7474:inst1|9~_emulated  ; 7474:inst2|9~_emulated  ; clk        ; clk      ; None                        ; None                      ; 5.106 ns                ;
; N/A                                     ; 183.89 MHz ( period = 5.438 ns )                    ; 74273:inst8|13          ; 74273:inst6|17          ; clk        ; clk      ; None                        ; None                      ; 5.180 ns                ;
; N/A                                     ; 183.99 MHz ( period = 5.435 ns )                    ; 7474:inst1|10~_emulated ; 7474:inst2|10~_emulated ; clk        ; clk      ; None                        ; None                      ; 5.057 ns                ;
; N/A                                     ; 184.50 MHz ( period = 5.420 ns )                    ; 74273:inst|14           ; 7474:inst2|10~_emulated ; clk        ; clk      ; None                        ; None                      ; 3.881 ns                ;
; N/A                                     ; 184.91 MHz ( period = 5.408 ns )                    ; 7474:inst2|9~_emulated  ; 7474:inst2|9~_emulated  ; clk        ; clk      ; None                        ; None                      ; 5.026 ns                ;
; N/A                                     ; 185.32 MHz ( period = 5.396 ns )                    ; 74273:inst8|13          ; 74273:inst6|16          ; clk        ; clk      ; None                        ; None                      ; 5.132 ns                ;
; N/A                                     ; 185.80 MHz ( period = 5.382 ns )                    ; 74273:inst8|13          ; 74273:inst8|13          ; clk        ; clk      ; None                        ; None                      ; 5.118 ns                ;
; N/A                                     ; 185.94 MHz ( period = 5.378 ns )                    ; 74273:inst8|13          ; 74273:inst8|19          ; clk        ; clk      ; None                        ; None                      ; 5.114 ns                ;
; N/A                                     ; 186.57 MHz ( period = 5.360 ns )                    ; 74273:inst8|13          ; 74273:inst7|15          ; clk        ; clk      ; None                        ; None                      ; 5.096 ns                ;
; N/A                                     ; 187.37 MHz ( period = 5.337 ns )                    ; 74273:inst8|13          ; 74273:inst8|14          ; clk        ; clk      ; None                        ; None                      ; 5.080 ns                ;
; N/A                                     ; 187.62 MHz ( period = 5.330 ns )                    ; 74273:inst8|13          ; 74273:inst8|16          ; clk        ; clk      ; None                        ; None                      ; 5.073 ns                ;
; N/A                                     ; 188.82 MHz ( period = 5.296 ns )                    ; 74273:inst8|13          ; 74273:inst6|15          ; clk        ; clk      ; None                        ; None                      ; 5.032 ns                ;
; N/A                                     ; 191.46 MHz ( period = 5.223 ns )                    ; 74273:inst8|13          ; 74273:inst8|18          ; clk        ; clk      ; None                        ; None                      ; 4.959 ns                ;
; N/A                                     ; 194.48 MHz ( period = 5.142 ns )                    ; 74273:inst8|13          ; 74273:inst6|18          ; clk        ; clk      ; None                        ; None                      ; 4.869 ns                ;
; Timing analysis restricted to 200 rows. ; To change the limit use Settings (Assignments menu) ;                         ;                         ;            ;          ;                             ;                           ;                         ;
+-----------------------------------------+-----------------------------------------------------+-------------------------+-------------------------+------------+----------+-----------------------------+---------------------------+-------------------------+


+-------------------------------------------------------------------------------+
; tsu                                                                           ;
+-------+--------------+------------+------+-------------------------+----------+
; Slack ; Required tsu ; Actual tsu ; From ; To                      ; To Clock ;
+-------+--------------+------------+------+-------------------------+----------+
; N/A   ; None         ; 6.199 ns   ; dp   ; sxdl:inst9|fstate.idle  ; clk      ;
; N/A   ; None         ; 6.187 ns   ; tj   ; sxdl:inst9|fstate.st1   ; clk      ;
; N/A   ; None         ; 6.150 ns   ; dp   ; sxdl:inst9|fstate.s_st4 ; clk      ;
; N/A   ; None         ; 6.068 ns   ; dp   ; sxdl:inst9|fstate.st1   ; clk      ;
; N/A   ; None         ; 5.781 ns   ; KRD  ; 74273:inst7|14          ; clk      ;
; N/A   ; None         ; 5.427 ns   ; dp   ; sxdl:inst9|fstate.s_st3 ; clk      ;
; N/A   ; None         ; 5.299 ns   ; tj   ; sxdl:inst9|fstate.idle  ; clk      ;
; N/A   ; None         ; 5.179 ns   ; dp   ; sxdl:inst9|fstate.st4   ; clk      ;
; N/A   ; None         ; 4.895 ns   ; tj   ; sxdl:inst9|fstate.st3   ; clk      ;
; N/A   ; None         ; 4.846 ns   ; KRD  ; 7474:inst1|10~_emulated ; clk      ;
; N/A   ; None         ; 4.827 ns   ; tj   ; sxdl:inst9|fstate.st4   ; clk      ;
; N/A   ; None         ; 4.824 ns   ; qd   ; sxdl:inst9|fstate.idle  ; clk      ;
; N/A   ; None         ; 4.823 ns   ; tj   ; sxdl:inst9|fstate.s_st4 ; clk      ;
; N/A   ; None         ; 4.807 ns   ; dp   ; sxdl:inst9|fstate.s_st2 ; clk      ;
; N/A   ; None         ; 4.777 ns   ; dp   ; sxdl:inst9|fstate.st2   ; clk      ;
; N/A   ; None         ; 4.535 ns   ; KRD  ; 74273:inst6|17          ; clk      ;
; N/A   ; None         ; 4.511 ns   ; KWE  ; 74273:inst6|19          ; clk      ;
; N/A   ; None         ; 4.441 ns   ; KWE  ; 7474:inst2|9~_emulated  ; clk      ;
; N/A   ; None         ; 4.422 ns   ; tj   ; sxdl:inst9|fstate.s_st2 ; clk      ;
; N/A   ; None         ; 4.421 ns   ; tj   ; sxdl:inst9|fstate.s_st3 ; clk      ;
; N/A   ; None         ; 4.420 ns   ; tj   ; sxdl:inst9|fstate.st2   ; clk      ;
; N/A   ; None         ; 4.420 ns   ; qd   ; sxdl:inst9|fstate.st1   ; clk      ;
; N/A   ; None         ; 4.405 ns   ; KRD  ; 74273:inst8|15          ; clk      ;
; N/A   ; None         ; 4.387 ns   ; dp   ; sxdl:inst9|fstate.st3   ; clk      ;
; N/A   ; None         ; 4.304 ns   ; KRD  ; 74273:inst6|18          ; clk      ;
; N/A   ; None         ; 4.222 ns   ; KWE  ; 74273:inst6|17          ; clk      ;
; N/A   ; None         ; 4.180 ns   ; KRD  ; 74273:inst8|13          ; clk      ;
; N/A   ; None         ; 4.171 ns   ; KWE  ; 74273:inst6|16          ; clk      ;
; N/A   ; None         ; 4.167 ns   ; KRD  ; 74273:inst8|19          ; clk      ;
; N/A   ; None         ; 4.165 ns   ; KWE  ; 74273:inst8|13          ; clk      ;
; N/A   ; None         ; 4.153 ns   ; KWE  ; 74273:inst8|19          ; clk      ;
; N/A   ; None         ; 4.141 ns   ; KRD  ; 74273:inst7|15          ; clk      ;
; N/A   ; None         ; 4.137 ns   ; KRD  ; 74273:inst8|16          ; clk      ;
; N/A   ; None         ; 4.136 ns   ; KWE  ; 74273:inst7|15          ; clk      ;
; N/A   ; None         ; 4.132 ns   ; KRD  ; 74273:inst8|14          ; clk      ;
; N/A   ; None         ; 4.122 ns   ; KWE  ; 74273:inst8|16          ; clk      ;
; N/A   ; None         ; 4.121 ns   ; KRD  ; 74273:inst7|13          ; clk      ;
; N/A   ; None         ; 4.121 ns   ; KWE  ; 74273:inst8|14          ; clk      ;
; N/A   ; None         ; 4.117 ns   ; KWE  ; 74273:inst8|15          ; clk      ;
; N/A   ; None         ; 4.071 ns   ; KWE  ; 74273:inst6|15          ; clk      ;
; N/A   ; None         ; 4.051 ns   ; KWE  ; 74273:inst7|14          ; clk      ;
; N/A   ; None         ; 3.961 ns   ; KWE  ; 74273:inst7|12          ; clk      ;
; N/A   ; None         ; 3.960 ns   ; KWE  ; 74273:inst6|18          ; clk      ;
; N/A   ; None         ; 3.840 ns   ; KRD  ; 74273:inst7|12          ; clk      ;
; N/A   ; None         ; 3.669 ns   ; KRD  ; 74273:inst6|13          ; clk      ;
; N/A   ; None         ; 3.627 ns   ; KRD  ; 7474:inst2|10~_emulated ; clk      ;
; N/A   ; None         ; 3.568 ns   ; KRD  ; 74273:inst6|16          ; clk      ;
; N/A   ; None         ; 3.556 ns   ; KRD  ; 74273:inst6|14          ; clk      ;
; N/A   ; None         ; 3.529 ns   ; KWE  ; 74273:inst7|13          ; clk      ;
; N/A   ; None         ; 3.339 ns   ; KWE  ; 7474:inst2|10~_emulated ; clk      ;
; N/A   ; None         ; 3.311 ns   ; KRD  ; 7474:inst2|9~_emulated  ; clk      ;
; N/A   ; None         ; 3.291 ns   ; KRD  ; 74273:inst8|18          ; clk      ;
; N/A   ; None         ; 3.278 ns   ; KWE  ; 74273:inst7|16          ; clk      ;
; N/A   ; None         ; 3.231 ns   ; KWE  ; 74273:inst7|18          ; clk      ;
; N/A   ; None         ; 3.173 ns   ; KWE  ; 74273:inst6|13          ; clk      ;
; N/A   ; None         ; 3.100 ns   ; KWE  ; 74273:inst6|12          ; clk      ;
; N/A   ; None         ; 3.055 ns   ; KWE  ; 7474:inst1|10~_emulated ; clk      ;
; N/A   ; None         ; 3.025 ns   ; KRD  ; 74273:inst7|16          ; clk      ;
; N/A   ; None         ; 2.964 ns   ; KWE  ; 74273:inst6|14          ; clk      ;
; N/A   ; None         ; 2.902 ns   ; KWE  ; 74273:inst8|18          ; clk      ;
; N/A   ; None         ; 2.715 ns   ; KRD  ; 74273:inst6|12          ; clk      ;
; N/A   ; None         ; 2.713 ns   ; KRD  ; 74273:inst6|15          ; clk      ;
; N/A   ; None         ; 2.711 ns   ; KWE  ; 74273:inst7|19          ; clk      ;
; N/A   ; None         ; 2.709 ns   ; KRD  ; 74273:inst6|19          ; clk      ;
; N/A   ; None         ; 2.604 ns   ; KRD  ; 74273:inst7|18          ; clk      ;
; N/A   ; None         ; 2.458 ns   ; KRD  ; 74273:inst7|19          ; clk      ;
; N/A   ; None         ; 1.357 ns   ; CLR  ; 74273:inst7|14          ; clk      ;
; N/A   ; None         ; 1.089 ns   ; IR6  ; 74273:inst|13           ; clk      ;
; N/A   ; None         ; 0.550 ns   ; IR5  ; 74273:inst|12           ; clk      ;
; N/A   ; None         ; 0.267 ns   ; CLR  ; 74273:inst6|19          ; clk      ;
; N/A   ; None         ; 0.238 ns   ; CLR  ; 7474:inst1|10~_emulated ; clk      ;
; N/A   ; None         ; 0.231 ns   ; CLR  ; 74273:inst6|17          ; clk      ;
; N/A   ; None         ; 0.175 ns   ; CLR  ; 74273:inst8|13          ; clk      ;
; N/A   ; None         ; 0.130 ns   ; CLR  ; 74273:inst8|14          ; clk      ;
; N/A   ; None         ; 0.123 ns   ; CLR  ; 74273:inst8|16          ; clk      ;
; N/A   ; None         ; 0.035 ns   ; CLR  ; 7474:inst2|9~_emulated  ; clk      ;
; N/A   ; None         ; 0.017 ns   ; CLR  ; 74273:inst8|15          ; clk      ;
; N/A   ; None         ; -0.020 ns  ; CLR  ; 74273:inst7|16          ; clk      ;
; N/A   ; None         ; -0.076 ns  ; CLR  ; 74273:inst6|16          ; clk      ;
; N/A   ; None         ; -0.096 ns  ; CLR  ; 74273:inst6|18          ; clk      ;
; N/A   ; None         ; -0.148 ns  ; CLR  ; 74273:inst8|19          ; clk      ;
; N/A   ; None         ; -0.155 ns  ; CLR  ; 74273:inst7|13          ; clk      ;
; N/A   ; None         ; -0.166 ns  ; CLR  ; 74273:inst7|15          ; clk      ;
; N/A   ; None         ; -0.175 ns  ; CLR  ; 74273:inst6|15          ; clk      ;
; N/A   ; None         ; -0.303 ns  ; CLR  ; 74273:inst8|18          ; clk      ;
; N/A   ; None         ; -0.310 ns  ; CLR  ; 74273:inst6|13          ; clk      ;
; N/A   ; None         ; -0.544 ns  ; CLR  ; 74273:inst6|12          ; clk      ;
; N/A   ; None         ; -0.576 ns  ; CLR  ; 74273:inst7|18          ; clk      ;
; N/A   ; None         ; -0.587 ns  ; CLR  ; 74273:inst7|19          ; clk      ;
; N/A   ; None         ; -0.720 ns  ; CLR  ; 74273:inst6|14          ; clk      ;
; N/A   ; None         ; -0.761 ns  ; CLR  ; 7474:inst2|10~_emulated ; clk      ;
; N/A   ; None         ; -0.768 ns  ; CLR  ; 74273:inst7|12          ; clk      ;
; N/A   ; None         ; -4.096 ns  ; IR7  ; 74273:inst|14           ; clk      ;
+-------+--------------+------------+------+-------------------------+----------+


+------------------------------------------------------------------------------------+
; tco                                                                                ;
+-------+--------------+------------+-------------------------+---------+------------+
; Slack ; Required tco ; Actual tco ; From                    ; To      ; From Clock ;
+-------+--------------+------------+-------------------------+---------+------------+
; N/A   ; None         ; 15.689 ns  ; 74273:inst|12           ; a0      ; clk        ;
; N/A   ; None         ; 15.189 ns  ; 74273:inst|14           ; a2      ; clk        ;
; N/A   ; None         ; 15.159 ns  ; 7474:inst1|10~_emulated ; a3      ; clk        ;
; N/A   ; None         ; 14.931 ns  ; 74273:inst|13           ; a1      ; clk        ;
; N/A   ; None         ; 14.563 ns  ; 7474:inst2|10~_emulated ; a1      ; clk        ;
; N/A   ; None         ; 14.483 ns  ; 7474:inst2|9~_emulated  ; a2      ; clk        ;
; N/A   ; None         ; 14.028 ns  ; 74273:inst8|13          ; a0      ; clk        ;
; N/A   ; None         ; 13.923 ns  ; 7474:inst3|9~_emulated  ; a0      ; clk        ;
; N/A   ; None         ; 13.757 ns  ; 7474:inst1|9~_emulated  ; a4      ; clk        ;
; N/A   ; None         ; 13.542 ns  ; 74273:inst8|13          ; a2      ; clk        ;
; N/A   ; None         ; 13.281 ns  ; 74273:inst8|13          ; a1      ; clk        ;
; N/A   ; None         ; 13.049 ns  ; 74273:inst6|13          ; ALU_BUS ; clk        ;
; N/A   ; None         ; 12.821 ns  ; 74273:inst7|13          ; M       ; clk        ;
; N/A   ; None         ; 12.754 ns  ; 74273:inst7|19          ; LDR5    ; clk        ;
; N/A   ; None         ; 12.704 ns  ; 74273:inst8|18          ; S2      ; clk        ;
; N/A   ; None         ; 12.211 ns  ; 74273:inst8|13          ; P1      ; clk        ;
; N/A   ; None         ; 12.124 ns  ; 74273:inst6|16          ; SW_BUS  ; clk        ;
; N/A   ; None         ; 12.052 ns  ; 74273:inst6|14          ; R5_BUS  ; clk        ;
; N/A   ; None         ; 12.050 ns  ; 74273:inst6|15          ; R4_BUS  ; clk        ;
; N/A   ; None         ; 11.924 ns  ; 74273:inst8|15          ; WE      ; clk        ;
; N/A   ; None         ; 11.911 ns  ; 74273:inst8|14          ; RD      ; clk        ;
; N/A   ; None         ; 11.670 ns  ; 74273:inst6|17          ; 161PC   ; clk        ;
; N/A   ; None         ; 11.633 ns  ; 74273:inst8|19          ; S3      ; clk        ;
; N/A   ; None         ; 11.633 ns  ; 74273:inst6|12          ; PC_BUS  ; clk        ;
; N/A   ; None         ; 11.563 ns  ; 74273:inst7|12          ; CN      ; clk        ;
; N/A   ; None         ; 11.420 ns  ; 74273:inst7|16          ; LDDR1   ; clk        ;
; N/A   ; None         ; 11.398 ns  ; 74273:inst8|16          ; S0      ; clk        ;
; N/A   ; None         ; 11.393 ns  ; 74273:inst6|19          ; 161CLR  ; clk        ;
; N/A   ; None         ; 11.356 ns  ; 74273:inst6|18          ; 161LD   ; clk        ;
; N/A   ; None         ; 11.327 ns  ; 74273:inst7|15          ; LDAR    ; clk        ;
; N/A   ; None         ; 11.326 ns  ; 74273:inst7|18          ; LDR4    ; clk        ;
; N/A   ; None         ; 11.149 ns  ; sxdl:inst9|fstate.st4   ; t4      ; clk        ;
; N/A   ; None         ; 11.105 ns  ; sxdl:inst9|fstate.st4   ; a0      ; clk        ;
; N/A   ; None         ; 11.103 ns  ; sxdl:inst9|fstate.s_st4 ; a0      ; clk        ;
; N/A   ; None         ; 10.581 ns  ; sxdl:inst9|fstate.st4   ; a2      ; clk        ;
; N/A   ; None         ; 10.324 ns  ; sxdl:inst9|fstate.st4   ; a1      ; clk        ;
; N/A   ; None         ; 10.260 ns  ; sxdl:inst9|fstate.s_st4 ; a2      ; clk        ;
; N/A   ; None         ; 10.219 ns  ; sxdl:inst9|fstate.s_st4 ; t4      ; clk        ;
; N/A   ; None         ; 10.002 ns  ; sxdl:inst9|fstate.s_st4 ; a1      ; clk        ;
; N/A   ; None         ; 9.871 ns   ; 74273:inst7|14          ; LDIR    ; clk        ;
; N/A   ; None         ; 9.850 ns   ; sxdl:inst9|fstate.s_st2 ; t2      ; clk        ;
; N/A   ; None         ; 9.732 ns   ; sxdl:inst9|fstate.st2   ; t2      ; clk        ;
; N/A   ; None         ; 8.880 ns   ; sxdl:inst9|fstate.s_st3 ; t3      ; clk        ;
; N/A   ; None         ; 8.798 ns   ; sxdl:inst9|fstate.st3   ; t3      ; clk        ;
; N/A   ; None         ; 8.460 ns   ; sxdl:inst9|fstate.st1   ; t1      ; clk        ;
+-------+--------------+------------+-------------------------+---------+------------+


+---------------------------------------------------------+
; tpd                                                     ;
+-------+-------------------+-----------------+------+----+
; Slack ; Required P2P Time ; Actual P2P Time ; From ; To ;
+-------+-------------------+-----------------+------+----+
; N/A   ; None              ; 13.351 ns       ; KRD  ; a3 ;
; N/A   ; None              ; 12.705 ns       ; KWE  ; a4 ;
; N/A   ; None              ; 9.133 ns        ; CLR  ; a0 ;
; N/A   ; None              ; 8.743 ns        ; CLR  ; a3 ;
; N/A   ; None              ; 8.335 ns        ; CLR  ; a2 ;
; N/A   ; None              ; 7.755 ns        ; CLR  ; a1 ;
; N/A   ; None              ; 7.740 ns        ; CLR  ; a4 ;
+-------+-------------------+-----------------+------+----+


+-------------------------------------------------------------------------------------+
; th                                                                                  ;
+---------------+-------------+-----------+------+-------------------------+----------+
; Minimum Slack ; Required th ; Actual th ; From ; To                      ; To Clock ;
+---------------+-------------+-----------+------+-------------------------+----------+
; N/A           ; None        ; 6.211 ns  ; IR7  ; 74273:inst|14           ; clk      ;
; N/A           ; None        ; 3.301 ns  ; CLR  ; 7474:inst2|10~_emulated ; clk      ;
; N/A           ; None        ; 3.023 ns  ; CLR  ; 7474:inst1|10~_emulated ; clk      ;
; N/A           ; None        ; 2.615 ns  ; CLR  ; 7474:inst2|9~_emulated  ; clk      ;
; N/A           ; None        ; 2.520 ns  ; CLR  ; 74273:inst7|19          ; clk      ;
; N/A           ; None        ; 2.405 ns  ; CLR  ; 74273:inst8|15          ; clk      ;
; N/A           ; None        ; 2.329 ns  ; CLR  ; 74273:inst8|18          ; clk      ;
; N/A           ; None        ; 2.270 ns  ; CLR  ; 74273:inst7|18          ; clk      ;
; N/A           ; None        ; 2.267 ns  ; CLR  ; 74273:inst6|14          ; clk      ;
; N/A           ; None        ; 2.165 ns  ; CLR  ; 74273:inst6|19          ; clk      ;
; N/A           ; None        ; 2.161 ns  ; CLR  ; 74273:inst6|15          ; clk      ;
; N/A           ; None        ; 2.159 ns  ; CLR  ; 74273:inst6|12          ; clk      ;
; N/A           ; None        ; 2.157 ns  ; CLR  ; 74273:inst8|13          ; clk      ;
; N/A           ; None        ; 2.078 ns  ; CLR  ; 74273:inst6|13          ; clk      ;
; N/A           ; None        ; 1.972 ns  ; CLR  ; 74273:inst6|18          ; clk      ;
; N/A           ; None        ; 1.962 ns  ; CLR  ; 74273:inst7|15          ; clk      ;
; N/A           ; None        ; 1.953 ns  ; CLR  ; 74273:inst7|16          ; clk      ;
; N/A           ; None        ; 1.775 ns  ; CLR  ; 74273:inst7|12          ; clk      ;
; N/A           ; None        ; 1.702 ns  ; CLR  ; 74273:inst7|13          ; clk      ;
; N/A           ; None        ; 1.612 ns  ; CLR  ; 74273:inst8|14          ; clk      ;
; N/A           ; None        ; 1.610 ns  ; CLR  ; 74273:inst8|16          ; clk      ;
; N/A           ; None        ; 1.565 ns  ; IR5  ; 74273:inst|12           ; clk      ;
; N/A           ; None        ; 1.306 ns  ; CLR  ; 74273:inst6|16          ; clk      ;
; N/A           ; None        ; 1.180 ns  ; CLR  ; 74273:inst7|14          ; clk      ;
; N/A           ; None        ; 1.177 ns  ; CLR  ; 74273:inst8|19          ; clk      ;
; N/A           ; None        ; 1.127 ns  ; CLR  ; 74273:inst6|17          ; clk      ;
; N/A           ; None        ; 1.026 ns  ; IR6  ; 74273:inst|13           ; clk      ;
; N/A           ; None        ; -1.307 ns ; KRD  ; 7474:inst2|10~_emulated ; clk      ;
; N/A           ; None        ; -1.942 ns ; KWE  ; 7474:inst1|10~_emulated ; clk      ;
; N/A           ; None        ; -2.108 ns ; KWE  ; 7474:inst2|10~_emulated ; clk      ;
; N/A           ; None        ; -2.192 ns ; KRD  ; 74273:inst7|19          ; clk      ;
; N/A           ; None        ; -2.203 ns ; KRD  ; 74273:inst8|15          ; clk      ;
; N/A           ; None        ; -2.338 ns ; KRD  ; 74273:inst7|18          ; clk      ;
; N/A           ; None        ; -2.350 ns ; KWE  ; 7474:inst2|9~_emulated  ; clk      ;
; N/A           ; None        ; -2.443 ns ; KRD  ; 74273:inst6|19          ; clk      ;
; N/A           ; None        ; -2.445 ns ; KWE  ; 74273:inst7|19          ; clk      ;
; N/A           ; None        ; -2.447 ns ; KRD  ; 74273:inst6|15          ; clk      ;
; N/A           ; None        ; -2.449 ns ; KRD  ; 74273:inst6|12          ; clk      ;
; N/A           ; None        ; -2.451 ns ; KRD  ; 74273:inst8|13          ; clk      ;
; N/A           ; None        ; -2.518 ns ; KRD  ; 7474:inst1|10~_emulated ; clk      ;
; N/A           ; None        ; -2.530 ns ; KRD  ; 74273:inst6|13          ; clk      ;
; N/A           ; None        ; -2.636 ns ; KWE  ; 74273:inst8|18          ; clk      ;
; N/A           ; None        ; -2.698 ns ; KWE  ; 74273:inst6|14          ; clk      ;
; N/A           ; None        ; -2.759 ns ; KRD  ; 74273:inst7|16          ; clk      ;
; N/A           ; None        ; -2.833 ns ; KRD  ; 74273:inst7|12          ; clk      ;
; N/A           ; None        ; -2.834 ns ; KRD  ; 74273:inst6|18          ; clk      ;
; N/A           ; None        ; -2.834 ns ; KWE  ; 74273:inst6|12          ; clk      ;
; N/A           ; None        ; -2.907 ns ; KWE  ; 74273:inst6|13          ; clk      ;
; N/A           ; None        ; -2.927 ns ; KRD  ; 7474:inst2|9~_emulated  ; clk      ;
; N/A           ; None        ; -2.965 ns ; KWE  ; 74273:inst6|15          ; clk      ;
; N/A           ; None        ; -2.965 ns ; KWE  ; 74273:inst7|18          ; clk      ;
; N/A           ; None        ; -3.003 ns ; KWE  ; 74273:inst7|15          ; clk      ;
; N/A           ; None        ; -3.004 ns ; KWE  ; 74273:inst8|15          ; clk      ;
; N/A           ; None        ; -3.012 ns ; KWE  ; 74273:inst7|16          ; clk      ;
; N/A           ; None        ; -3.025 ns ; KRD  ; 74273:inst8|18          ; clk      ;
; N/A           ; None        ; -3.263 ns ; KWE  ; 74273:inst7|13          ; clk      ;
; N/A           ; None        ; -3.290 ns ; KRD  ; 74273:inst6|14          ; clk      ;
; N/A           ; None        ; -3.302 ns ; KRD  ; 74273:inst6|16          ; clk      ;
; N/A           ; None        ; -3.479 ns ; KWE  ; 74273:inst6|18          ; clk      ;
; N/A           ; None        ; -3.695 ns ; KWE  ; 74273:inst7|12          ; clk      ;
; N/A           ; None        ; -3.785 ns ; KWE  ; 74273:inst7|14          ; clk      ;
; N/A           ; None        ; -3.838 ns ; KWE  ; 74273:inst6|17          ; clk      ;
; N/A           ; None        ; -3.855 ns ; KRD  ; 74273:inst7|13          ; clk      ;
; N/A           ; None        ; -3.855 ns ; KWE  ; 74273:inst8|14          ; clk      ;
; N/A           ; None        ; -3.856 ns ; KWE  ; 74273:inst8|16          ; clk      ;
; N/A           ; None        ; -3.866 ns ; KRD  ; 74273:inst8|14          ; clk      ;
; N/A           ; None        ; -3.871 ns ; KRD  ; 74273:inst8|16          ; clk      ;
; N/A           ; None        ; -3.875 ns ; KRD  ; 74273:inst7|15          ; clk      ;
; N/A           ; None        ; -3.887 ns ; KWE  ; 74273:inst8|19          ; clk      ;
; N/A           ; None        ; -3.899 ns ; KWE  ; 74273:inst8|13          ; clk      ;
; N/A           ; None        ; -3.901 ns ; KRD  ; 74273:inst8|19          ; clk      ;
; N/A           ; None        ; -3.905 ns ; KWE  ; 74273:inst6|16          ; clk      ;
; N/A           ; None        ; -4.121 ns ; dp   ; sxdl:inst9|fstate.st3   ; clk      ;
; N/A           ; None        ; -4.154 ns ; tj   ; sxdl:inst9|fstate.st2   ; clk      ;
; N/A           ; None        ; -4.154 ns ; qd   ; sxdl:inst9|fstate.st1   ; clk      ;
; N/A           ; None        ; -4.155 ns ; tj   ; sxdl:inst9|fstate.s_st3 ; clk      ;
; N/A           ; None        ; -4.156 ns ; tj   ; sxdl:inst9|fstate.s_st2 ; clk      ;
; N/A           ; None        ; -4.161 ns ; KRD  ; 74273:inst6|17          ; clk      ;
; N/A           ; None        ; -4.245 ns ; KWE  ; 74273:inst6|19          ; clk      ;
; N/A           ; None        ; -4.511 ns ; dp   ; sxdl:inst9|fstate.st2   ; clk      ;
; N/A           ; None        ; -4.541 ns ; dp   ; sxdl:inst9|fstate.s_st2 ; clk      ;
; N/A           ; None        ; -4.557 ns ; tj   ; sxdl:inst9|fstate.s_st4 ; clk      ;
; N/A           ; None        ; -4.558 ns ; qd   ; sxdl:inst9|fstate.idle  ; clk      ;
; N/A           ; None        ; -4.561 ns ; tj   ; sxdl:inst9|fstate.st4   ; clk      ;
; N/A           ; None        ; -4.629 ns ; tj   ; sxdl:inst9|fstate.st3   ; clk      ;
; N/A           ; None        ; -4.913 ns ; dp   ; sxdl:inst9|fstate.st4   ; clk      ;
; N/A           ; None        ; -5.033 ns ; tj   ; sxdl:inst9|fstate.idle  ; clk      ;
; N/A           ; None        ; -5.161 ns ; dp   ; sxdl:inst9|fstate.s_st3 ; clk      ;
; N/A           ; None        ; -5.515 ns ; KRD  ; 74273:inst7|14          ; clk      ;
; N/A           ; None        ; -5.802 ns ; dp   ; sxdl:inst9|fstate.st1   ; clk      ;
; N/A           ; None        ; -5.884 ns ; dp   ; sxdl:inst9|fstate.s_st4 ; clk      ;
; N/A           ; None        ; -5.921 ns ; tj   ; sxdl:inst9|fstate.st1   ; clk      ;
; N/A           ; None        ; -5.933 ns ; dp   ; sxdl:inst9|fstate.idle  ; clk      ;
+---------------+-------------+-----------+------+-------------------------+----------+


+--------------------------+
; Timing Analyzer Messages ;
+--------------------------+
Info: *******************************************************************
Info: Running Quartus II Classic Timing Analyzer
    Info: Version 9.0 Build 184 04/29/2009 Service Pack 1 SJ Web Edition
    Info: Processing started: Mon Mar 22 00:44:01 2021
Info: Command: quartus_tan --read_settings_files=off --write_settings_files=off KZQ -c KZQ --timing_analysis_only
Warning: Timing Analysis is analyzing one or more combinational loops as latches
    Warning: Node "7474:inst1|9~latch" is a latch
    Warning: Node "7474:inst2|10~latch" is a latch
    Warning: Node "7474:inst1|10~latch" is a latch
    Warning: Node "7474:inst3|9~latch" is a latch
    Warning: Node "7474:inst2|9~latch" is a latch
Warning: Found pins functioning as undefined clocks and/or memory enables
    Info: Assuming node "clk" is an undefined clock
Warning: Found 8 node(s) in clock paths which may be acting as ripple and/or gated clocks -- node(s) analyzed as buffer(s) resulting in clock skew
    Info: Detected ripple clock "74273:inst7|14" as buffer
    Info: Detected gated clock "inst18" as buffer
    Info: Detected ripple clock "sxdl:inst9|fstate.st3" as buffer
    Info: Detected ripple clock "sxdl:inst9|fstate.s_st3" as buffer
    Info: Detected ripple clock "sxdl:inst9|fstate.st2" as buffer
    Info: Detected ripple clock "sxdl:inst9|fstate.s_st2" as buffer
    Info: Detected gated clock "sxdl:inst9|t2" as buffer
    Info: Detected ripple clock "sxdl:inst9|fstate.st1" as buffer
Info: Clock "clk" has Internal fmax of 62.52 MHz between source register "74273:inst|13" and destination register "74273:inst7|14" (period= 15.994 ns)
    Info: + Longest register to register delay is 3.402 ns
        Info: 1: + IC(0.000 ns) + CELL(0.000 ns) = 0.000 ns; Loc. = LCFF_X7_Y7_N1; Fanout = 1; REG Node = '74273:inst|13'
        Info: 2: + IC(0.000 ns) + CELL(0.393 ns) = 0.393 ns; Loc. = LCCOMB_X7_Y7_N0; Fanout = 3; COMB Node = 'inst20'
        Info: 3: + IC(0.384 ns) + CELL(0.206 ns) = 0.983 ns; Loc. = LCCOMB_X7_Y7_N12; Fanout = 29; COMB Node = '7474:inst2|10~head_lut'
        Info: 4: + IC(0.410 ns) + CELL(0.615 ns) = 2.008 ns; Loc. = LCCOMB_X7_Y7_N18; Fanout = 1; COMB Node = 'rom:inst5|Equal30~0'
        Info: 5: + IC(1.080 ns) + CELL(0.206 ns) = 3.294 ns; Loc. = LCCOMB_X7_Y6_N24; Fanout = 1; COMB Node = 'rom:inst5|Equal30~1'
        Info: 6: + IC(0.000 ns) + CELL(0.108 ns) = 3.402 ns; Loc. = LCFF_X7_Y6_N25; Fanout = 2; REG Node = '74273:inst7|14'
        Info: Total cell delay = 1.528 ns ( 44.91 % )
        Info: Total interconnect delay = 1.874 ns ( 55.09 % )
    Info: - Smallest clock skew is -4.331 ns
        Info: + Shortest clock path from clock "clk" to destination register is 4.709 ns
            Info: 1: + IC(0.000 ns) + CELL(1.100 ns) = 1.100 ns; Loc. = PIN_17; Fanout = 6; CLK Node = 'clk'
            Info: 2: + IC(1.361 ns) + CELL(0.970 ns) = 3.431 ns; Loc. = LCFF_X6_Y6_N31; Fanout = 6; REG Node = 'sxdl:inst9|fstate.st1'
            Info: 3: + IC(0.612 ns) + CELL(0.666 ns) = 4.709 ns; Loc. = LCFF_X7_Y6_N25; Fanout = 2; REG Node = '74273:inst7|14'
            Info: Total cell delay = 2.736 ns ( 58.10 % )
            Info: Total interconnect delay = 1.973 ns ( 41.90 % )
        Info: - Longest clock path from clock "clk" to source register is 9.040 ns
            Info: 1: + IC(0.000 ns) + CELL(1.100 ns) = 1.100 ns; Loc. = PIN_17; Fanout = 6; CLK Node = 'clk'
            Info: 2: + IC(1.361 ns) + CELL(0.970 ns) = 3.431 ns; Loc. = LCFF_X6_Y6_N31; Fanout = 6; REG Node = 'sxdl:inst9|fstate.st1'
            Info: 3: + IC(0.612 ns) + CELL(0.970 ns) = 5.013 ns; Loc. = LCFF_X7_Y6_N25; Fanout = 2; REG Node = '74273:inst7|14'
            Info: 4: + IC(0.469 ns) + CELL(0.651 ns) = 6.133 ns; Loc. = LCCOMB_X7_Y6_N26; Fanout = 1; COMB Node = 'inst18'
            Info: 5: + IC(1.433 ns) + CELL(0.000 ns) = 7.566 ns; Loc. = CLKCTRL_G0; Fanout = 3; COMB Node = 'inst18~clkctrl'
            Info: 6: + IC(0.808 ns) + CELL(0.666 ns) = 9.040 ns; Loc. = LCFF_X7_Y7_N1; Fanout = 1; REG Node = '74273:inst|13'
            Info: Total cell delay = 4.357 ns ( 48.20 % )
            Info: Total interconnect delay = 4.683 ns ( 51.80 % )
    Info: + Micro clock to output delay of source is 0.304 ns
    Info: + Micro setup delay of destination is -0.040 ns
    Info: Delay path is controlled by inverted clocks -- if clock duty cycle is 50%, fmax is divided by two
Info: tsu for register "sxdl:inst9|fstate.idle" (data pin = "dp", clock pin = "clk") is 6.199 ns
    Info: + Longest pin to register delay is 8.962 ns
        Info: 1: + IC(0.000 ns) + CELL(0.944 ns) = 0.944 ns; Loc. = PIN_48; Fanout = 8; PIN Node = 'dp'
        Info: 2: + IC(6.302 ns) + CELL(0.624 ns) = 7.870 ns; Loc. = LCCOMB_X6_Y6_N26; Fanout = 1; COMB Node = 'sxdl:inst9|Selector0~0'
        Info: 3: + IC(0.360 ns) + CELL(0.624 ns) = 8.854 ns; Loc. = LCCOMB_X6_Y6_N8; Fanout = 1; COMB Node = 'sxdl:inst9|Selector0~1'
        Info: 4: + IC(0.000 ns) + CELL(0.108 ns) = 8.962 ns; Loc. = LCFF_X6_Y6_N9; Fanout = 2; REG Node = 'sxdl:inst9|fstate.idle'
        Info: Total cell delay = 2.300 ns ( 25.66 % )
        Info: Total interconnect delay = 6.662 ns ( 74.34 % )
    Info: + Micro setup delay of destination is -0.040 ns
    Info: - Shortest clock path from clock "clk" to destination register is 2.723 ns
        Info: 1: + IC(0.000 ns) + CELL(1.100 ns) = 1.100 ns; Loc. = PIN_17; Fanout = 6; CLK Node = 'clk'
        Info: 2: + IC(0.143 ns) + CELL(0.000 ns) = 1.243 ns; Loc. = CLKCTRL_G2; Fanout = 3; COMB Node = 'clk~clkctrl'
        Info: 3: + IC(0.814 ns) + CELL(0.666 ns) = 2.723 ns; Loc. = LCFF_X6_Y6_N9; Fanout = 2; REG Node = 'sxdl:inst9|fstate.idle'
        Info: Total cell delay = 1.766 ns ( 64.85 % )
        Info: Total interconnect delay = 0.957 ns ( 35.15 % )
Info: tco from clock "clk" to destination pin "a0" through register "74273:inst|12" is 15.689 ns
    Info: + Longest clock path from clock "clk" to source register is 9.041 ns
        Info: 1: + IC(0.000 ns) + CELL(1.100 ns) = 1.100 ns; Loc. = PIN_17; Fanout = 6; CLK Node = 'clk'
        Info: 2: + IC(1.361 ns) + CELL(0.970 ns) = 3.431 ns; Loc. = LCFF_X6_Y6_N31; Fanout = 6; REG Node = 'sxdl:inst9|fstate.st1'
        Info: 3: + IC(0.612 ns) + CELL(0.970 ns) = 5.013 ns; Loc. = LCFF_X7_Y6_N25; Fanout = 2; REG Node = '74273:inst7|14'
        Info: 4: + IC(0.469 ns) + CELL(0.651 ns) = 6.133 ns; Loc. = LCCOMB_X7_Y6_N26; Fanout = 1; COMB Node = 'inst18'
        Info: 5: + IC(1.433 ns) + CELL(0.000 ns) = 7.566 ns; Loc. = CLKCTRL_G0; Fanout = 3; COMB Node = 'inst18~clkctrl'
        Info: 6: + IC(0.809 ns) + CELL(0.666 ns) = 9.041 ns; Loc. = LCFF_X8_Y7_N1; Fanout = 1; REG Node = '74273:inst|12'
        Info: Total cell delay = 4.357 ns ( 48.19 % )
        Info: Total interconnect delay = 4.684 ns ( 51.81 % )
    Info: + Micro clock to output delay of source is 0.304 ns
    Info: + Longest register to pin delay is 6.344 ns
        Info: 1: + IC(0.000 ns) + CELL(0.000 ns) = 0.000 ns; Loc. = LCFF_X8_Y7_N1; Fanout = 1; REG Node = '74273:inst|12'
        Info: 2: + IC(0.000 ns) + CELL(0.393 ns) = 0.393 ns; Loc. = LCCOMB_X8_Y7_N0; Fanout = 3; COMB Node = 'inst21'
        Info: 3: + IC(0.394 ns) + CELL(0.206 ns) = 0.993 ns; Loc. = LCCOMB_X8_Y7_N24; Fanout = 26; COMB Node = '7474:inst3|9~head_lut'
        Info: 4: + IC(2.125 ns) + CELL(3.226 ns) = 6.344 ns; Loc. = PIN_58; Fanout = 0; PIN Node = 'a0'
        Info: Total cell delay = 3.825 ns ( 60.29 % )
        Info: Total interconnect delay = 2.519 ns ( 39.71 % )
Info: Longest tpd from source pin "KRD" to destination pin "a3" is 13.351 ns
    Info: 1: + IC(0.000 ns) + CELL(0.945 ns) = 0.945 ns; Loc. = PIN_80; Fanout = 3; PIN Node = 'KRD'
    Info: 2: + IC(6.343 ns) + CELL(0.370 ns) = 7.658 ns; Loc. = LCCOMB_X7_Y6_N6; Fanout = 29; COMB Node = '7474:inst1|10~head_lut'
    Info: 3: + IC(2.637 ns) + CELL(3.056 ns) = 13.351 ns; Loc. = PIN_92; Fanout = 0; PIN Node = 'a3'
    Info: Total cell delay = 4.371 ns ( 32.74 % )
    Info: Total interconnect delay = 8.980 ns ( 67.26 % )
Info: th for register "74273:inst|14" (data pin = "IR7", clock pin = "clk") is 6.211 ns
    Info: + Longest clock path from clock "clk" to destination register is 9.040 ns
        Info: 1: + IC(0.000 ns) + CELL(1.100 ns) = 1.100 ns; Loc. = PIN_17; Fanout = 6; CLK Node = 'clk'
        Info: 2: + IC(1.361 ns) + CELL(0.970 ns) = 3.431 ns; Loc. = LCFF_X6_Y6_N31; Fanout = 6; REG Node = 'sxdl:inst9|fstate.st1'
        Info: 3: + IC(0.612 ns) + CELL(0.970 ns) = 5.013 ns; Loc. = LCFF_X7_Y6_N25; Fanout = 2; REG Node = '74273:inst7|14'
        Info: 4: + IC(0.469 ns) + CELL(0.651 ns) = 6.133 ns; Loc. = LCCOMB_X7_Y6_N26; Fanout = 1; COMB Node = 'inst18'
        Info: 5: + IC(1.433 ns) + CELL(0.000 ns) = 7.566 ns; Loc. = CLKCTRL_G0; Fanout = 3; COMB Node = 'inst18~clkctrl'
        Info: 6: + IC(0.808 ns) + CELL(0.666 ns) = 9.040 ns; Loc. = LCFF_X7_Y7_N3; Fanout = 1; REG Node = '74273:inst|14'
        Info: Total cell delay = 4.357 ns ( 48.20 % )
        Info: Total interconnect delay = 4.683 ns ( 51.80 % )
    Info: + Micro hold delay of destination is 0.306 ns
    Info: - Shortest pin to register delay is 3.135 ns
        Info: 1: + IC(0.000 ns) + CELL(1.110 ns) = 1.110 ns; Loc. = PIN_88; Fanout = 1; PIN Node = 'IR7'
        Info: 2: + IC(1.565 ns) + CELL(0.460 ns) = 3.135 ns; Loc. = LCFF_X7_Y7_N3; Fanout = 1; REG Node = '74273:inst|14'
        Info: Total cell delay = 1.570 ns ( 50.08 % )
        Info: Total interconnect delay = 1.565 ns ( 49.92 % )
Info: Quartus II Classic Timing Analyzer was successful. 0 errors, 8 warnings
    Info: Peak virtual memory: 197 megabytes
    Info: Processing ended: Mon Mar 22 00:44:02 2021
    Info: Elapsed time: 00:00:01
    Info: Total CPU time (on all processors): 00:00:01


