Analysis & Synthesis report for KZQ
Mon Mar 22 00:43:51 2021
Quartus II Version 9.0 Build 184 04/29/2009 Service Pack 1 SJ Web Edition


---------------------
; Table of Contents ;
---------------------
  1. Legal Notice
  2. Analysis & Synthesis Summary
  3. Analysis & Synthesis Settings
  4. Analysis & Synthesis Source Files Read
  5. Analysis & Synthesis Resource Usage Summary
  6. Analysis & Synthesis Resource Utilization by Entity
  7. State Machine - |KZQ|sxdl:inst9|fstate
  8. Registers Removed During Synthesis
  9. General Register Statistics
 10. Multiplexer Restructuring Statistics (Restructuring Performed)
 11. Analysis & Synthesis Messages



----------------
; Legal Notice ;
----------------
Copyright (C) 1991-2009 Altera Corporation
Your use of Altera Corporation's design tools, logic functions 
and other software and tools, and its AMPP partner logic 
functions, and any output files from any of the foregoing 
(including device programming or simulation files), and any 
associated documentation or information are expressly subject 
to the terms and conditions of the Altera Program License 
Subscription Agreement, Altera MegaCore Function License 
Agreement, or other applicable license agreement, including, 
without limitation, that your use is for the sole purpose of 
programming logic devices manufactured by Altera and sold by 
Altera or its authorized distributors.  Please refer to the 
applicable agreement for further details.



+-----------------------------------------------------------------------------------+
; Analysis & Synthesis Summary                                                      ;
+------------------------------------+----------------------------------------------+
; Analysis & Synthesis Status        ; Successful - Mon Mar 22 00:43:51 2021        ;
; Quartus II Version                 ; 9.0 Build 184 04/29/2009 SP 1 SJ Web Edition ;
; Revision Name                      ; KZQ                                          ;
; Top-level Entity Name              ; KZQ                                          ;
; Family                             ; Cyclone II                                   ;
; Total logic elements               ; 87                                           ;
;     Total combinational functions  ; 82                                           ;
;     Dedicated logic registers      ; 37                                           ;
; Total registers                    ; 37                                           ;
; Total pins                         ; 42                                           ;
; Total virtual pins                 ; 0                                            ;
; Total memory bits                  ; 0                                            ;
; Embedded Multiplier 9-bit elements ; 0                                            ;
; Total PLLs                         ; 0                                            ;
+------------------------------------+----------------------------------------------+


+--------------------------------------------------------------------------------------------------------+
; Analysis & Synthesis Settings                                                                          ;
+--------------------------------------------------------------+--------------------+--------------------+
; Option                                                       ; Setting            ; Default Value      ;
+--------------------------------------------------------------+--------------------+--------------------+
; Device                                                       ; EP2C5T144C8        ;                    ;
; Top-level entity name                                        ; KZQ                ; KZQ                ;
; Family name                                                  ; Cyclone II         ; Stratix II         ;
; Use Generated Physical Constraints File                      ; Off                ;                    ;
; Use smart compilation                                        ; Off                ; Off                ;
; Restructure Multiplexers                                     ; Auto               ; Auto               ;
; Create Debugging Nodes for IP Cores                          ; Off                ; Off                ;
; Preserve fewer node names                                    ; On                 ; On                 ;
; Disable OpenCore Plus hardware evaluation                    ; Off                ; Off                ;
; Verilog Version                                              ; Verilog_2001       ; Verilog_2001       ;
; VHDL Version                                                 ; VHDL93             ; VHDL93             ;
; State Machine Processing                                     ; Auto               ; Auto               ;
; Safe State Machine                                           ; Off                ; Off                ;
; Extract Verilog State Machines                               ; On                 ; On                 ;
; Extract VHDL State Machines                                  ; On                 ; On                 ;
; Ignore Verilog initial constructs                            ; Off                ; Off                ;
; Iteration limit for constant Verilog loops                   ; 5000               ; 5000               ;
; Iteration limit for non-constant Verilog loops               ; 250                ; 250                ;
; Add Pass-Through Logic to Inferred RAMs                      ; On                 ; On                 ;
; Parallel Synthesis                                           ; Off                ; Off                ;
; DSP Block Balancing                                          ; Auto               ; Auto               ;
; NOT Gate Push-Back                                           ; On                 ; On                 ;
; Power-Up Don't Care                                          ; On                 ; On                 ;
; Remove Redundant Logic Cells                                 ; Off                ; Off                ;
; Remove Duplicate Registers                                   ; On                 ; On                 ;
; Ignore CARRY Buffers                                         ; Off                ; Off                ;
; Ignore CASCADE Buffers                                       ; Off                ; Off                ;
; Ignore GLOBAL Buffers                                        ; Off                ; Off                ;
; Ignore ROW GLOBAL Buffers                                    ; Off                ; Off                ;
; Ignore LCELL Buffers                                         ; Off                ; Off                ;
; Ignore SOFT Buffers                                          ; On                 ; On                 ;
; Limit AHDL Integers to 32 Bits                               ; Off                ; Off                ;
; Optimization Technique                                       ; Balanced           ; Balanced           ;
; Carry Chain Length                                           ; 70                 ; 70                 ;
; Auto Carry Chains                                            ; On                 ; On                 ;
; Auto Open-Drain Pins                                         ; On                 ; On                 ;
; Perform WYSIWYG Primitive Resynthesis                        ; Off                ; Off                ;
; Auto ROM Replacement                                         ; On                 ; On                 ;
; Auto RAM Replacement                                         ; On                 ; On                 ;
; Auto Shift Register Replacement                              ; Auto               ; Auto               ;
; Auto Clock Enable Replacement                                ; On                 ; On                 ;
; Strict RAM Replacement                                       ; Off                ; Off                ;
; Allow Synchronous Control Signals                            ; On                 ; On                 ;
; Force Use of Synchronous Clear Signals                       ; Off                ; Off                ;
; Auto RAM to Logic Cell Conversion                            ; Off                ; Off                ;
; Auto Resource Sharing                                        ; Off                ; Off                ;
; Allow Any RAM Size For Recognition                           ; Off                ; Off                ;
; Allow Any ROM Size For Recognition                           ; Off                ; Off                ;
; Allow Any Shift Register Size For Recognition                ; Off                ; Off                ;
; Use LogicLock Constraints during Resource Balancing          ; On                 ; On                 ;
; Ignore translate_off and synthesis_off directives            ; Off                ; Off                ;
; Timing-Driven Synthesis                                      ; Off                ; Off                ;
; Show Parameter Settings Tables in Synthesis Report           ; On                 ; On                 ;
; Ignore Maximum Fan-Out Assignments                           ; Off                ; Off                ;
; Synchronization Register Chain Length                        ; 2                  ; 2                  ;
; PowerPlay Power Optimization                                 ; Normal compilation ; Normal compilation ;
; HDL message level                                            ; Level2             ; Level2             ;
; Suppress Register Optimization Related Messages              ; Off                ; Off                ;
; Number of Removed Registers Reported in Synthesis Report     ; 100                ; 100                ;
; Number of Inverted Registers Reported in Synthesis Report    ; 100                ; 100                ;
; Clock MUX Protection                                         ; On                 ; On                 ;
; Auto Gated Clock Conversion                                  ; Off                ; Off                ;
; Block Design Naming                                          ; Auto               ; Auto               ;
; SDC constraint protection                                    ; Off                ; Off                ;
; Synthesis Effort                                             ; Auto               ; Auto               ;
; Shift Register Replacement - Allow Asynchronous Clear Signal ; On                 ; On                 ;
; Analysis & Synthesis Message Level                           ; Medium             ; Medium             ;
+--------------------------------------------------------------+--------------------+--------------------+


+-------------------------------------------------------------------------------------------------------------------------------------------------------+
; Analysis & Synthesis Source Files Read                                                                                                                ;
+----------------------------------+-----------------+------------------------------------+-------------------------------------------------------------+
; File Name with User-Entered Path ; Used in Netlist ; File Type                          ; File Name with Absolute Path                                ;
+----------------------------------+-----------------+------------------------------------+-------------------------------------------------------------+
; ../sxdl/KZQ.bdf                  ; yes             ; User Block Diagram/Schematic File  ; E:/quartus sy/sxdl/KZQ.bdf                                  ;
; sxdl.vhd                         ; yes             ; Auto-Found VHDL File               ; e:/quartus sy/sxdl/sxdl.vhd                                 ;
; 7474.bdf                         ; yes             ; Megafunction                       ; c:/altera/90sp1/quartus/libraries/others/maxplus2/7474.bdf  ;
; rom.vhd                          ; yes             ; Auto-Found VHDL File               ; e:/quartus sy/rom/rom.vhd                                   ;
; 74244.bdf                        ; yes             ; Megafunction                       ; c:/altera/90sp1/quartus/libraries/others/maxplus2/74244.bdf ;
; 74273.bdf                        ; yes             ; Megafunction                       ; c:/altera/90sp1/quartus/libraries/others/maxplus2/74273.bdf ;
+----------------------------------+-----------------+------------------------------------+-------------------------------------------------------------+


+-----------------------------------------------------+
; Analysis & Synthesis Resource Usage Summary         ;
+---------------------------------------------+-------+
; Resource                                    ; Usage ;
+---------------------------------------------+-------+
; Estimated Total logic elements              ; 87    ;
;                                             ;       ;
; Total combinational functions               ; 82    ;
; Logic element usage by number of LUT inputs ;       ;
;     -- 4 input functions                    ; 50    ;
;     -- 3 input functions                    ; 11    ;
;     -- <=2 input functions                  ; 21    ;
;                                             ;       ;
; Logic elements by mode                      ;       ;
;     -- normal mode                          ; 82    ;
;     -- arithmetic mode                      ; 0     ;
;                                             ;       ;
; Total registers                             ; 37    ;
;     -- Dedicated logic registers            ; 37    ;
;     -- I/O registers                        ; 0     ;
;                                             ;       ;
; I/O pins                                    ; 42    ;
; Maximum fan-out node                        ; CLR   ;
; Maximum fan-out                             ; 39    ;
; Total fan-out                               ; 407   ;
; Average fan-out                             ; 2.53  ;
+---------------------------------------------+-------+


+-----------------------------------------------------------------------------------------------------------------------------------------------------------------------------+
; Analysis & Synthesis Resource Utilization by Entity                                                                                                                         ;
+----------------------------+-------------------+--------------+-------------+--------------+---------+-----------+------+--------------+---------------------+--------------+
; Compilation Hierarchy Node ; LC Combinationals ; LC Registers ; Memory Bits ; DSP Elements ; DSP 9x9 ; DSP 18x18 ; Pins ; Virtual Pins ; Full Hierarchy Name ; Library Name ;
+----------------------------+-------------------+--------------+-------------+--------------+---------+-----------+------+--------------+---------------------+--------------+
; |KZQ                       ; 82 (4)            ; 37 (0)       ; 0           ; 0            ; 0       ; 0         ; 42   ; 0            ; |KZQ                ; work         ;
;    |74273:inst6|           ; 0 (0)             ; 8 (8)        ; 0           ; 0            ; 0       ; 0         ; 0    ; 0            ; |KZQ|74273:inst6    ; work         ;
;    |74273:inst7|           ; 0 (0)             ; 7 (7)        ; 0           ; 0            ; 0       ; 0         ; 0    ; 0            ; |KZQ|74273:inst7    ; work         ;
;    |74273:inst8|           ; 0 (0)             ; 6 (6)        ; 0           ; 0            ; 0       ; 0         ; 0    ; 0            ; |KZQ|74273:inst8    ; work         ;
;    |74273:inst|            ; 0 (0)             ; 3 (3)        ; 0           ; 0            ; 0       ; 0         ; 0    ; 0            ; |KZQ|74273:inst     ; work         ;
;    |7474:inst1|            ; 8 (8)             ; 2 (2)        ; 0           ; 0            ; 0       ; 0         ; 0    ; 0            ; |KZQ|7474:inst1     ; work         ;
;    |7474:inst2|            ; 8 (8)             ; 2 (2)        ; 0           ; 0            ; 0       ; 0         ; 0    ; 0            ; |KZQ|7474:inst2     ; work         ;
;    |7474:inst3|            ; 4 (4)             ; 1 (1)        ; 0           ; 0            ; 0       ; 0         ; 0    ; 0            ; |KZQ|7474:inst3     ; work         ;
;    |rom:inst5|             ; 43 (43)           ; 0 (0)        ; 0           ; 0            ; 0       ; 0         ; 0    ; 0            ; |KZQ|rom:inst5      ; work         ;
;    |sxdl:inst9|            ; 15 (15)           ; 8 (8)        ; 0           ; 0            ; 0       ; 0         ; 0    ; 0            ; |KZQ|sxdl:inst9     ; work         ;
+----------------------------+-------------------+--------------+-------------+--------------+---------+-----------+------+--------------+---------------------+--------------+
Note: For table entries with two numbers listed, the numbers in parentheses indicate the number of resources of the given type used by the specific entity alone. The numbers listed outside of parentheses indicate the total resources of the given type used by the specific entity and all of its sub-entities in the hierarchy.


Encoding Type:  One-Hot
+-----------------------------------------------------------------------------------------------------------------------------+
; State Machine - |KZQ|sxdl:inst9|fstate                                                                                      ;
+--------------+------------+--------------+--------------+------------+------------+--------------+------------+-------------+
; Name         ; fstate.st3 ; fstate.s_st3 ; fstate.s_st4 ; fstate.st2 ; fstate.st4 ; fstate.s_st2 ; fstate.st1 ; fstate.idle ;
+--------------+------------+--------------+--------------+------------+------------+--------------+------------+-------------+
; fstate.idle  ; 0          ; 0            ; 0            ; 0          ; 0          ; 0            ; 0          ; 0           ;
; fstate.st1   ; 0          ; 0            ; 0            ; 0          ; 0          ; 0            ; 1          ; 1           ;
; fstate.s_st2 ; 0          ; 0            ; 0            ; 0          ; 0          ; 1            ; 0          ; 1           ;
; fstate.st4   ; 0          ; 0            ; 0            ; 0          ; 1          ; 0            ; 0          ; 1           ;
; fstate.st2   ; 0          ; 0            ; 0            ; 1          ; 0          ; 0            ; 0          ; 1           ;
; fstate.s_st4 ; 0          ; 0            ; 1            ; 0          ; 0          ; 0            ; 0          ; 1           ;
; fstate.s_st3 ; 0          ; 1            ; 0            ; 0          ; 0          ; 0            ; 0          ; 1           ;
; fstate.st3   ; 1          ; 0            ; 0            ; 0          ; 0          ; 0            ; 0          ; 1           ;
+--------------+------------+--------------+--------------+------------+------------+--------------+------------+-------------+


+--------------------------------------------------------------------------------+
; Registers Removed During Synthesis                                             ;
+---------------------------------------+----------------------------------------+
; Register name                         ; Reason for Removal                     ;
+---------------------------------------+----------------------------------------+
; 74273:inst7|17                        ; Stuck at GND due to stuck port data_in ;
; 74273:inst8|17                        ; Stuck at GND due to stuck port data_in ;
; Total Number of Removed Registers = 2 ;                                        ;
+---------------------------------------+----------------------------------------+


+------------------------------------------------------+
; General Register Statistics                          ;
+----------------------------------------------+-------+
; Statistic                                    ; Value ;
+----------------------------------------------+-------+
; Total registers                              ; 37    ;
; Number of registers using Synchronous Clear  ; 1     ;
; Number of registers using Synchronous Load   ; 0     ;
; Number of registers using Asynchronous Clear ; 29    ;
; Number of registers using Asynchronous Load  ; 0     ;
; Number of registers using Clock Enable       ; 0     ;
; Number of registers using Preset             ; 0     ;
+----------------------------------------------+-------+


+------------------------------------------------------------------------------------------------------------------------------------------+
; Multiplexer Restructuring Statistics (Restructuring Performed)                                                                           ;
+--------------------+-----------+---------------+----------------------+------------------------+------------+----------------------------+
; Multiplexer Inputs ; Bus Width ; Baseline Area ; Area if Restructured ; Saving if Restructured ; Registered ; Example Multiplexer Output ;
+--------------------+-----------+---------------+----------------------+------------------------+------------+----------------------------+
; 32:1               ; 2 bits    ; 42 LEs        ; 14 LEs               ; 28 LEs                 ; Yes        ; |KZQ|74273:inst8|19        ;
+--------------------+-----------+---------------+----------------------+------------------------+------------+----------------------------+


+-------------------------------+
; Analysis & Synthesis Messages ;
+-------------------------------+
Info: *******************************************************************
Info: Running Quartus II Analysis & Synthesis
    Info: Version 9.0 Build 184 04/29/2009 Service Pack 1 SJ Web Edition
    Info: Processing started: Mon Mar 22 00:43:46 2021
Info: Command: quartus_map --read_settings_files=on --write_settings_files=off KZQ -c KZQ
Info: Found 1 design units, including 1 entities, in source file ../sxdl/KZQ.bdf
    Info: Found entity 1: KZQ
Info: Elaborating entity "KZQ" for the top level hierarchy
Warning: Using design file ../sxdl/sxdl.vhd, which is not specified as a design file for the current project, but contains definitions for 2 design units and 1 entities in project
    Info: Found design unit 1: sxdl-BEHAVIOR
    Info: Found entity 1: sxdl
Info: Elaborating entity "sxdl" for hierarchy "sxdl:inst9"
Info: Elaborating entity "7474" for hierarchy "7474:inst1"
Info: Elaborated megafunction instantiation "7474:inst1"
Warning: Using design file ../rom/rom.vhd, which is not specified as a design file for the current project, but contains definitions for 2 design units and 1 entities in project
    Info: Found design unit 1: rom-SYN
    Info: Found entity 1: rom
Info: Elaborating entity "rom" for hierarchy "rom:inst5"
Info: Elaborating entity "74244" for hierarchy "74244:inst4"
Info: Elaborated megafunction instantiation "74244:inst4"
Info: Elaborating entity "74273" for hierarchy "74273:inst8"
Info: Elaborated megafunction instantiation "74273:inst8"
Warning: Tri-state node(s) do not directly drive top-level pin(s)
    Warning: Converted tri-state buffer "74244:inst4|36" feeding internal logic into a wire
    Warning: Converted tri-state buffer "74244:inst4|1" feeding internal logic into a wire
    Warning: Converted tri-state buffer "74244:inst4|6" feeding internal logic into a wire
    Warning: Converted tri-state buffer "74244:inst4|10" feeding internal logic into a wire
    Warning: Converted tri-state buffer "74244:inst4|11" feeding internal logic into a wire
Warning: Presettable and clearable registers converted to equivalent circuits with latches. Registers power-up to an undefined state, and DEVCLRn places the registers in an undefined state.
    Warning (13310): Register "7474:inst1|9" is converted into an equivalent circuit using register "7474:inst1|9~_emulated" and latch "7474:inst1|9~latch"
    Warning (13310): Register "7474:inst1|10" is converted into an equivalent circuit using register "7474:inst1|10~_emulated" and latch "7474:inst1|10~latch"
    Warning (13310): Register "7474:inst2|10" is converted into an equivalent circuit using register "7474:inst2|10~_emulated" and latch "7474:inst2|10~latch"
    Warning (13310): Register "7474:inst3|9" is converted into an equivalent circuit using register "7474:inst3|9~_emulated" and latch "7474:inst3|9~latch"
    Warning (13310): Register "7474:inst2|9" is converted into an equivalent circuit using register "7474:inst2|9~_emulated" and latch "7474:inst2|9~latch"
Warning: Output pins are stuck at VCC or GND
    Warning (13410): Pin "LDDR2" is stuck at GND
    Warning (13410): Pin "S1" is stuck at GND
Info: Implemented 132 device resources after synthesis - the final resource count might be different
    Info: Implemented 10 input pins
    Info: Implemented 32 output pins
    Info: Implemented 90 logic cells
Info: Quartus II Analysis & Synthesis was successful. 0 errors, 17 warnings
    Info: Peak virtual memory: 256 megabytes
    Info: Processing ended: Mon Mar 22 00:43:51 2021
    Info: Elapsed time: 00:00:05
    Info: Total CPU time (on all processors): 00:00:05


