Simulator report for exp_ram3
Fri Mar 12 09:03:02 2021
Quartus II Version 9.0 Build 184 04/29/2009 Service Pack 1 SJ Web Edition


---------------------
; Table of Contents ;
---------------------
  1. Legal Notice
  2. Simulator Summary
  3. Simulator Settings
  4. Simulation Waveforms
  5. |exp_ram3|lpm_ram_io:inst|altram:sram|altsyncram:ram_block|altsyncram_v9a1:auto_generated|ALTSYNCRAM
  6. Coverage Summary
  7. Complete 1/0-Value Coverage
  8. Missing 1-Value Coverage
  9. Missing 0-Value Coverage
 10. Simulator INI Usage
 11. Simulator Messages



----------------
; Legal Notice ;
----------------
Copyright (C) 1991-2009 Altera Corporation
Your use of Altera Corporation's design tools, logic functions 
and other software and tools, and its AMPP partner logic 
functions, and any output files from any of the foregoing 
(including device programming or simulation files), and any 
associated documentation or information are expressly subject 
to the terms and conditions of the Altera Program License 
Subscription Agreement, Altera MegaCore Function License 
Agreement, or other applicable license agreement, including, 
without limitation, that your use is for the sole purpose of 
programming logic devices manufactured by Altera and sold by 
Altera or its authorized distributors.  Please refer to the 
applicable agreement for further details.



+--------------------------------------------+
; Simulator Summary                          ;
+-----------------------------+--------------+
; Type                        ; Value        ;
+-----------------------------+--------------+
; Simulation Start Time       ; 0 ps         ;
; Simulation End Time         ; 4.0 us       ;
; Simulation Netlist Size     ; 91 nodes     ;
; Simulation Coverage         ;      69.52 % ;
; Total Number of Transitions ; 908          ;
; Simulation Breakpoints      ; 0            ;
; Family                      ; Cyclone II   ;
; Device                      ; EP2C5T144C8  ;
+-----------------------------+--------------+


+---------------------------------------------------------------------------------------------------------------------------+
; Simulator Settings                                                                                                        ;
+--------------------------------------------------------------------------------------------+--------------+---------------+
; Option                                                                                     ; Setting      ; Default Value ;
+--------------------------------------------------------------------------------------------+--------------+---------------+
; Simulation mode                                                                            ; Timing       ; Timing        ;
; Start time                                                                                 ; 0 ns         ; 0 ns          ;
; Simulation results format                                                                  ; CVWF         ;               ;
; Vector input source                                                                        ; exp_ram3.vwf ;               ;
; Add pins automatically to simulation output waveforms                                      ; On           ; On            ;
; Check outputs                                                                              ; Off          ; Off           ;
; Report simulation coverage                                                                 ; On           ; On            ;
; Display complete 1/0 value coverage report                                                 ; On           ; On            ;
; Display missing 1-value coverage report                                                    ; On           ; On            ;
; Display missing 0-value coverage report                                                    ; On           ; On            ;
; Detect setup and hold time violations                                                      ; Off          ; Off           ;
; Detect glitches                                                                            ; Off          ; Off           ;
; Disable timing delays in Timing Simulation                                                 ; Off          ; Off           ;
; Generate Signal Activity File                                                              ; Off          ; Off           ;
; Generate VCD File for PowerPlay Power Analyzer                                             ; Off          ; Off           ;
; Group bus channels in simulation results                                                   ; Off          ; Off           ;
; Preserve fewer signal transitions to reduce memory requirements                            ; On           ; On            ;
; Trigger vector comparison with the specified mode                                          ; INPUT_EDGE   ; INPUT_EDGE    ;
; Disable setup and hold time violations detection in input registers of bi-directional pins ; Off          ; Off           ;
; Overwrite Waveform Inputs With Simulation Outputs                                          ; On           ;               ;
; Perform Glitch Filtering in Timing Simulation                                              ; Auto         ; Auto          ;
+--------------------------------------------------------------------------------------------+--------------+---------------+


+----------------------+
; Simulation Waveforms ;
+----------------------+
Waveform report data cannot be output to ASCII.
Please use Quartus II to view the waveform report data.


+------------------------------------------------------------------------------------------------------+
; |exp_ram3|lpm_ram_io:inst|altram:sram|altsyncram:ram_block|altsyncram_v9a1:auto_generated|ALTSYNCRAM ;
+------------------------------------------------------------------------------------------------------+
Memory report data cannot be output to ASCII.
Please use Quartus II to view the memory report data.


+--------------------------------------------------------------------+
; Coverage Summary                                                   ;
+-----------------------------------------------------+--------------+
; Type                                                ; Value        ;
+-----------------------------------------------------+--------------+
; Total coverage as a percentage                      ;      69.52 % ;
; Total nodes checked                                 ; 91           ;
; Total output ports checked                          ; 105          ;
; Total output ports with complete 1/0-value coverage ; 73           ;
; Total output ports with no 1/0-value coverage       ; 25           ;
; Total output ports with no 1-value coverage         ; 26           ;
; Total output ports with no 0-value coverage         ; 31           ;
+-----------------------------------------------------+--------------+


The following table displays output ports that toggle between 1 and 0 during simulation.
+------------------------------------------------------------------------------------------------------------------------------------------------------------------------------------------------------------------------------+
; Complete 1/0-Value Coverage                                                                                                                                                                                                  ;
+--------------------------------------------------------------------------------------------------------+--------------------------------------------------------------------------------------------------+------------------+
; Node Name                                                                                              ; Output Port Name                                                                                 ; Output Port Type ;
+--------------------------------------------------------------------------------------------------------+--------------------------------------------------------------------------------------------------+------------------+
; |exp_ram3|sw_pc_ar:inst1|pc[1]                                                                         ; |exp_ram3|sw_pc_ar:inst1|pc[1]                                                                   ; regout           ;
; |exp_ram3|lpm_ram_io:inst|altram:sram|altsyncram:ram_block|altsyncram_v9a1:auto_generated|ram_block1a0 ; |exp_ram3|lpm_ram_io:inst|altram:sram|altsyncram:ram_block|altsyncram_v9a1:auto_generated|q_a[0] ; portadataout0    ;
; |exp_ram3|lpm_ram_io:inst|altram:sram|altsyncram:ram_block|altsyncram_v9a1:auto_generated|ram_block1a0 ; |exp_ram3|lpm_ram_io:inst|altram:sram|altsyncram:ram_block|altsyncram_v9a1:auto_generated|q_a[4] ; portadataout4    ;
; |exp_ram3|lpm_ram_io:inst|altram:sram|altsyncram:ram_block|altsyncram_v9a1:auto_generated|ram_block1a0 ; |exp_ram3|lpm_ram_io:inst|altram:sram|altsyncram:ram_block|altsyncram_v9a1:auto_generated|q_a[5] ; portadataout5    ;
; |exp_ram3|lpm_ram_io:inst|altram:sram|altsyncram:ram_block|altsyncram_v9a1:auto_generated|ram_block1a0 ; |exp_ram3|lpm_ram_io:inst|altram:sram|altsyncram:ram_block|altsyncram_v9a1:auto_generated|q_a[6] ; portadataout6    ;
; |exp_ram3|sw_pc_ar:inst1|pc[0]                                                                         ; |exp_ram3|sw_pc_ar:inst1|pc[0]                                                                   ; regout           ;
; |exp_ram3|sw_pc_ar:inst1|pc[0]~24                                                                      ; |exp_ram3|sw_pc_ar:inst1|pc[0]~24                                                                ; combout          ;
; |exp_ram3|sw_pc_ar:inst1|pc[0]~24                                                                      ; |exp_ram3|sw_pc_ar:inst1|pc[0]~25                                                                ; cout             ;
; |exp_ram3|sw_pc_ar:inst1|pc[1]~26                                                                      ; |exp_ram3|sw_pc_ar:inst1|pc[1]~26                                                                ; combout          ;
; |exp_ram3|sw_pc_ar:inst1|pc[1]~26                                                                      ; |exp_ram3|sw_pc_ar:inst1|pc[1]~27                                                                ; cout             ;
; |exp_ram3|sw_pc_ar:inst1|pc[2]~28                                                                      ; |exp_ram3|sw_pc_ar:inst1|pc[2]~28                                                                ; combout          ;
; |exp_ram3|sw_pc_ar:inst1|pc[2]~28                                                                      ; |exp_ram3|sw_pc_ar:inst1|pc[2]~29                                                                ; cout             ;
; |exp_ram3|sw_pc_ar:inst1|pc[3]~30                                                                      ; |exp_ram3|sw_pc_ar:inst1|pc[3]~30                                                                ; combout          ;
; |exp_ram3|sw_pc_ar:inst1|bus_Reg[7]~10                                                                 ; |exp_ram3|sw_pc_ar:inst1|bus_Reg[7]~10                                                           ; combout          ;
; |exp_ram3|sw_pc_ar:inst1|bus_Reg[7]~11                                                                 ; |exp_ram3|sw_pc_ar:inst1|bus_Reg[7]~11                                                           ; combout          ;
; |exp_ram3|lpm_ram_io:inst|datatri[7]~0                                                                 ; |exp_ram3|lpm_ram_io:inst|datatri[7]~0                                                           ; combout          ;
; |exp_ram3|sw_pc_ar:inst1|d~16                                                                          ; |exp_ram3|sw_pc_ar:inst1|d~16                                                                    ; combout          ;
; |exp_ram3|lpm_ram_io:inst|datatri[7]~9                                                                 ; |exp_ram3|lpm_ram_io:inst|datatri[7]~9                                                           ; combout          ;
; |exp_ram3|lpm_ram_io:inst|datatri[7]~10                                                                ; |exp_ram3|lpm_ram_io:inst|datatri[7]~10                                                          ; combout          ;
; |exp_ram3|sw_pc_ar:inst1|bus_Reg[6]~12                                                                 ; |exp_ram3|sw_pc_ar:inst1|bus_Reg[6]~12                                                           ; combout          ;
; |exp_ram3|sw_pc_ar:inst1|bus_Reg[6]~13                                                                 ; |exp_ram3|sw_pc_ar:inst1|bus_Reg[6]~13                                                           ; combout          ;
; |exp_ram3|lpm_ram_io:inst|datatri[6]~11                                                                ; |exp_ram3|lpm_ram_io:inst|datatri[6]~11                                                          ; combout          ;
; |exp_ram3|sw_pc_ar:inst1|bus_Reg[5]~14                                                                 ; |exp_ram3|sw_pc_ar:inst1|bus_Reg[5]~14                                                           ; combout          ;
; |exp_ram3|sw_pc_ar:inst1|bus_Reg[5]~15                                                                 ; |exp_ram3|sw_pc_ar:inst1|bus_Reg[5]~15                                                           ; combout          ;
; |exp_ram3|lpm_ram_io:inst|datatri[5]~12                                                                ; |exp_ram3|lpm_ram_io:inst|datatri[5]~12                                                          ; combout          ;
; |exp_ram3|sw_pc_ar:inst1|bus_Reg[4]~16                                                                 ; |exp_ram3|sw_pc_ar:inst1|bus_Reg[4]~16                                                           ; combout          ;
; |exp_ram3|sw_pc_ar:inst1|bus_Reg[4]~17                                                                 ; |exp_ram3|sw_pc_ar:inst1|bus_Reg[4]~17                                                           ; combout          ;
; |exp_ram3|lpm_ram_io:inst|datatri[4]~13                                                                ; |exp_ram3|lpm_ram_io:inst|datatri[4]~13                                                          ; combout          ;
; |exp_ram3|lpm_ram_io:inst|datatri[3]~14                                                                ; |exp_ram3|lpm_ram_io:inst|datatri[3]~14                                                          ; combout          ;
; |exp_ram3|sw_pc_ar:inst1|bus_Reg[2]~20                                                                 ; |exp_ram3|sw_pc_ar:inst1|bus_Reg[2]~20                                                           ; combout          ;
; |exp_ram3|sw_pc_ar:inst1|bus_Reg[2]~21                                                                 ; |exp_ram3|sw_pc_ar:inst1|bus_Reg[2]~21                                                           ; combout          ;
; |exp_ram3|lpm_ram_io:inst|datatri[2]~15                                                                ; |exp_ram3|lpm_ram_io:inst|datatri[2]~15                                                          ; combout          ;
; |exp_ram3|sw_pc_ar:inst1|bus_Reg[1]~22                                                                 ; |exp_ram3|sw_pc_ar:inst1|bus_Reg[1]~22                                                           ; combout          ;
; |exp_ram3|sw_pc_ar:inst1|bus_Reg[1]~23                                                                 ; |exp_ram3|sw_pc_ar:inst1|bus_Reg[1]~23                                                           ; combout          ;
; |exp_ram3|lpm_ram_io:inst|datatri[1]~16                                                                ; |exp_ram3|lpm_ram_io:inst|datatri[1]~16                                                          ; combout          ;
; |exp_ram3|sw_pc_ar:inst1|bus_Reg[0]~24                                                                 ; |exp_ram3|sw_pc_ar:inst1|bus_Reg[0]~24                                                           ; combout          ;
; |exp_ram3|sw_pc_ar:inst1|bus_Reg[0]~25                                                                 ; |exp_ram3|sw_pc_ar:inst1|bus_Reg[0]~25                                                           ; combout          ;
; |exp_ram3|lpm_ram_io:inst|datatri[0]~17                                                                ; |exp_ram3|lpm_ram_io:inst|datatri[0]~17                                                          ; combout          ;
; |exp_ram3|sw_pc_ar:inst1|seq2~1                                                                        ; |exp_ram3|sw_pc_ar:inst1|seq2~1                                                                  ; combout          ;
; |exp_ram3|sw_pc_ar:inst1|seq2~0                                                                        ; |exp_ram3|sw_pc_ar:inst1|seq2~0                                                                  ; combout          ;
; |exp_ram3|lpm_ram_io:inst|_~3                                                                          ; |exp_ram3|lpm_ram_io:inst|_~3                                                                    ; combout          ;
; |exp_ram3|d[7]                                                                                         ; |exp_ram3|d~0                                                                                    ; combout          ;
; |exp_ram3|d[7]                                                                                         ; |exp_ram3|d[7]~output                                                                            ; padio            ;
; |exp_ram3|d[6]                                                                                         ; |exp_ram3|d~1                                                                                    ; combout          ;
; |exp_ram3|d[6]                                                                                         ; |exp_ram3|d[6]~output                                                                            ; padio            ;
; |exp_ram3|d[5]                                                                                         ; |exp_ram3|d~2                                                                                    ; combout          ;
; |exp_ram3|d[5]                                                                                         ; |exp_ram3|d[5]~output                                                                            ; padio            ;
; |exp_ram3|d[4]                                                                                         ; |exp_ram3|d~3                                                                                    ; combout          ;
; |exp_ram3|d[4]                                                                                         ; |exp_ram3|d[4]~output                                                                            ; padio            ;
; |exp_ram3|d[3]                                                                                         ; |exp_ram3|d~4                                                                                    ; combout          ;
; |exp_ram3|d[3]                                                                                         ; |exp_ram3|d[3]~output                                                                            ; padio            ;
; |exp_ram3|d[2]                                                                                         ; |exp_ram3|d~5                                                                                    ; combout          ;
; |exp_ram3|d[2]                                                                                         ; |exp_ram3|d[2]~output                                                                            ; padio            ;
; |exp_ram3|d[1]                                                                                         ; |exp_ram3|d~6                                                                                    ; combout          ;
; |exp_ram3|d[1]                                                                                         ; |exp_ram3|d[1]~output                                                                            ; padio            ;
; |exp_ram3|d[0]                                                                                         ; |exp_ram3|d~7                                                                                    ; combout          ;
; |exp_ram3|d[0]                                                                                         ; |exp_ram3|d[0]~output                                                                            ; padio            ;
; |exp_ram3|inputd[7]                                                                                    ; |exp_ram3|inputd[7]~corein                                                                       ; combout          ;
; |exp_ram3|pc_bus                                                                                       ; |exp_ram3|pc_bus~corein                                                                          ; combout          ;
; |exp_ram3|sw_bus                                                                                       ; |exp_ram3|sw_bus~corein                                                                          ; combout          ;
; |exp_ram3|rd                                                                                           ; |exp_ram3|rd~corein                                                                              ; combout          ;
; |exp_ram3|inputd[6]                                                                                    ; |exp_ram3|inputd[6]~corein                                                                       ; combout          ;
; |exp_ram3|inputd[5]                                                                                    ; |exp_ram3|inputd[5]~corein                                                                       ; combout          ;
; |exp_ram3|inputd[4]                                                                                    ; |exp_ram3|inputd[4]~corein                                                                       ; combout          ;
; |exp_ram3|inputd[2]                                                                                    ; |exp_ram3|inputd[2]~corein                                                                       ; combout          ;
; |exp_ram3|inputd[1]                                                                                    ; |exp_ram3|inputd[1]~corein                                                                       ; combout          ;
; |exp_ram3|inputd[0]                                                                                    ; |exp_ram3|inputd[0]~corein                                                                       ; combout          ;
; |exp_ram3|clk_cdu                                                                                      ; |exp_ram3|clk_cdu~corein                                                                         ; combout          ;
; |exp_ram3|pcld                                                                                         ; |exp_ram3|pcld~corein                                                                            ; combout          ;
; |exp_ram3|pcen                                                                                         ; |exp_ram3|pcen~corein                                                                            ; combout          ;
; |exp_ram3|we                                                                                           ; |exp_ram3|we~corein                                                                              ; combout          ;
; |exp_ram3|ldar                                                                                         ; |exp_ram3|ldar~corein                                                                            ; combout          ;
; |exp_ram3|clk_cdu~clkctrl                                                                              ; |exp_ram3|clk_cdu~clkctrl                                                                        ; outclk           ;
+--------------------------------------------------------------------------------------------------------+--------------------------------------------------------------------------------------------------+------------------+


The following table displays output ports that do not toggle to 1 during simulation.
+------------------------------------------------------------------------------------------------------------------------------------------------------------------------------------------------------------------------------+
; Missing 1-Value Coverage                                                                                                                                                                                                     ;
+--------------------------------------------------------------------------------------------------------+--------------------------------------------------------------------------------------------------+------------------+
; Node Name                                                                                              ; Output Port Name                                                                                 ; Output Port Type ;
+--------------------------------------------------------------------------------------------------------+--------------------------------------------------------------------------------------------------+------------------+
; |exp_ram3|sw_pc_ar:inst1|pc[7]                                                                         ; |exp_ram3|sw_pc_ar:inst1|pc[7]                                                                   ; regout           ;
; |exp_ram3|sw_pc_ar:inst1|pc[6]                                                                         ; |exp_ram3|sw_pc_ar:inst1|pc[6]                                                                   ; regout           ;
; |exp_ram3|sw_pc_ar:inst1|pc[5]                                                                         ; |exp_ram3|sw_pc_ar:inst1|pc[5]                                                                   ; regout           ;
; |exp_ram3|sw_pc_ar:inst1|pc[4]                                                                         ; |exp_ram3|sw_pc_ar:inst1|pc[4]                                                                   ; regout           ;
; |exp_ram3|sw_pc_ar:inst1|pc[3]                                                                         ; |exp_ram3|sw_pc_ar:inst1|pc[3]                                                                   ; regout           ;
; |exp_ram3|lpm_ram_io:inst|altram:sram|altsyncram:ram_block|altsyncram_v9a1:auto_generated|ram_block1a0 ; |exp_ram3|lpm_ram_io:inst|altram:sram|altsyncram:ram_block|altsyncram_v9a1:auto_generated|q_a[3] ; portadataout3    ;
; |exp_ram3|sw_pc_ar:inst1|pc[3]~30                                                                      ; |exp_ram3|sw_pc_ar:inst1|pc[3]~31                                                                ; cout             ;
; |exp_ram3|sw_pc_ar:inst1|pc[4]~32                                                                      ; |exp_ram3|sw_pc_ar:inst1|pc[4]~32                                                                ; combout          ;
; |exp_ram3|sw_pc_ar:inst1|pc[4]~32                                                                      ; |exp_ram3|sw_pc_ar:inst1|pc[4]~33                                                                ; cout             ;
; |exp_ram3|sw_pc_ar:inst1|pc[5]~34                                                                      ; |exp_ram3|sw_pc_ar:inst1|pc[5]~34                                                                ; combout          ;
; |exp_ram3|sw_pc_ar:inst1|pc[5]~34                                                                      ; |exp_ram3|sw_pc_ar:inst1|pc[5]~35                                                                ; cout             ;
; |exp_ram3|sw_pc_ar:inst1|pc[6]~36                                                                      ; |exp_ram3|sw_pc_ar:inst1|pc[6]~36                                                                ; combout          ;
; |exp_ram3|sw_pc_ar:inst1|pc[6]~36                                                                      ; |exp_ram3|sw_pc_ar:inst1|pc[6]~37                                                                ; cout             ;
; |exp_ram3|sw_pc_ar:inst1|pc[7]~38                                                                      ; |exp_ram3|sw_pc_ar:inst1|pc[7]~38                                                                ; combout          ;
; |exp_ram3|sw_pc_ar:inst1|bus_Reg[3]~18                                                                 ; |exp_ram3|sw_pc_ar:inst1|bus_Reg[3]~18                                                           ; combout          ;
; |exp_ram3|sw_pc_ar:inst1|bus_Reg[3]~19                                                                 ; |exp_ram3|sw_pc_ar:inst1|bus_Reg[3]~19                                                           ; combout          ;
; |exp_ram3|sw_pc_ar:inst1|ar[1]                                                                         ; |exp_ram3|sw_pc_ar:inst1|ar[1]                                                                   ; regout           ;
; |exp_ram3|sw_pc_ar:inst1|ar[3]                                                                         ; |exp_ram3|sw_pc_ar:inst1|ar[3]                                                                   ; regout           ;
; |exp_ram3|sw_pc_ar:inst1|ar[4]                                                                         ; |exp_ram3|sw_pc_ar:inst1|ar[4]                                                                   ; regout           ;
; |exp_ram3|sw_pc_ar:inst1|ar[5]                                                                         ; |exp_ram3|sw_pc_ar:inst1|ar[5]                                                                   ; regout           ;
; |exp_ram3|sw_pc_ar:inst1|ar[6]                                                                         ; |exp_ram3|sw_pc_ar:inst1|ar[6]                                                                   ; regout           ;
; |exp_ram3|sw_pc_ar:inst1|ar[7]                                                                         ; |exp_ram3|sw_pc_ar:inst1|ar[7]                                                                   ; regout           ;
; |exp_ram3|memenab                                                                                      ; |exp_ram3|memenab~corein                                                                         ; combout          ;
; |exp_ram3|inputd[3]                                                                                    ; |exp_ram3|inputd[3]~corein                                                                       ; combout          ;
; |exp_ram3|pcclr                                                                                        ; |exp_ram3|pcclr~corein                                                                           ; combout          ;
; |exp_ram3|pcclr~clkctrl                                                                                ; |exp_ram3|pcclr~clkctrl                                                                          ; outclk           ;
+--------------------------------------------------------------------------------------------------------+--------------------------------------------------------------------------------------------------+------------------+


The following table displays output ports that do not toggle to 0 during simulation.
+------------------------------------------------------------------------------------------------------------------------------------------------------------------------------------------------------------------------------+
; Missing 0-Value Coverage                                                                                                                                                                                                     ;
+--------------------------------------------------------------------------------------------------------+--------------------------------------------------------------------------------------------------+------------------+
; Node Name                                                                                              ; Output Port Name                                                                                 ; Output Port Type ;
+--------------------------------------------------------------------------------------------------------+--------------------------------------------------------------------------------------------------+------------------+
; |exp_ram3|sw_pc_ar:inst1|pc[7]                                                                         ; |exp_ram3|sw_pc_ar:inst1|pc[7]                                                                   ; regout           ;
; |exp_ram3|sw_pc_ar:inst1|pc[6]                                                                         ; |exp_ram3|sw_pc_ar:inst1|pc[6]                                                                   ; regout           ;
; |exp_ram3|sw_pc_ar:inst1|pc[5]                                                                         ; |exp_ram3|sw_pc_ar:inst1|pc[5]                                                                   ; regout           ;
; |exp_ram3|sw_pc_ar:inst1|pc[4]                                                                         ; |exp_ram3|sw_pc_ar:inst1|pc[4]                                                                   ; regout           ;
; |exp_ram3|sw_pc_ar:inst1|pc[3]                                                                         ; |exp_ram3|sw_pc_ar:inst1|pc[3]                                                                   ; regout           ;
; |exp_ram3|sw_pc_ar:inst1|pc[2]                                                                         ; |exp_ram3|sw_pc_ar:inst1|pc[2]                                                                   ; regout           ;
; |exp_ram3|lpm_ram_io:inst|altram:sram|altsyncram:ram_block|altsyncram_v9a1:auto_generated|ram_block1a0 ; |exp_ram3|lpm_ram_io:inst|altram:sram|altsyncram:ram_block|altsyncram_v9a1:auto_generated|q_a[1] ; portadataout1    ;
; |exp_ram3|lpm_ram_io:inst|altram:sram|altsyncram:ram_block|altsyncram_v9a1:auto_generated|ram_block1a0 ; |exp_ram3|lpm_ram_io:inst|altram:sram|altsyncram:ram_block|altsyncram_v9a1:auto_generated|q_a[2] ; portadataout2    ;
; |exp_ram3|lpm_ram_io:inst|altram:sram|altsyncram:ram_block|altsyncram_v9a1:auto_generated|ram_block1a0 ; |exp_ram3|lpm_ram_io:inst|altram:sram|altsyncram:ram_block|altsyncram_v9a1:auto_generated|q_a[3] ; portadataout3    ;
; |exp_ram3|lpm_ram_io:inst|altram:sram|altsyncram:ram_block|altsyncram_v9a1:auto_generated|ram_block1a0 ; |exp_ram3|lpm_ram_io:inst|altram:sram|altsyncram:ram_block|altsyncram_v9a1:auto_generated|q_a[7] ; portadataout7    ;
; |exp_ram3|sw_pc_ar:inst1|pc[3]~30                                                                      ; |exp_ram3|sw_pc_ar:inst1|pc[3]~31                                                                ; cout             ;
; |exp_ram3|sw_pc_ar:inst1|pc[4]~32                                                                      ; |exp_ram3|sw_pc_ar:inst1|pc[4]~32                                                                ; combout          ;
; |exp_ram3|sw_pc_ar:inst1|pc[4]~32                                                                      ; |exp_ram3|sw_pc_ar:inst1|pc[4]~33                                                                ; cout             ;
; |exp_ram3|sw_pc_ar:inst1|pc[5]~34                                                                      ; |exp_ram3|sw_pc_ar:inst1|pc[5]~34                                                                ; combout          ;
; |exp_ram3|sw_pc_ar:inst1|pc[5]~34                                                                      ; |exp_ram3|sw_pc_ar:inst1|pc[5]~35                                                                ; cout             ;
; |exp_ram3|sw_pc_ar:inst1|pc[6]~36                                                                      ; |exp_ram3|sw_pc_ar:inst1|pc[6]~36                                                                ; combout          ;
; |exp_ram3|sw_pc_ar:inst1|pc[6]~36                                                                      ; |exp_ram3|sw_pc_ar:inst1|pc[6]~37                                                                ; cout             ;
; |exp_ram3|sw_pc_ar:inst1|pc[7]~38                                                                      ; |exp_ram3|sw_pc_ar:inst1|pc[7]~38                                                                ; combout          ;
; |exp_ram3|sw_pc_ar:inst1|bus_Reg[3]~18                                                                 ; |exp_ram3|sw_pc_ar:inst1|bus_Reg[3]~18                                                           ; combout          ;
; |exp_ram3|sw_pc_ar:inst1|ar[0]                                                                         ; |exp_ram3|sw_pc_ar:inst1|ar[0]                                                                   ; regout           ;
; |exp_ram3|sw_pc_ar:inst1|ar[1]                                                                         ; |exp_ram3|sw_pc_ar:inst1|ar[1]                                                                   ; regout           ;
; |exp_ram3|sw_pc_ar:inst1|ar[2]                                                                         ; |exp_ram3|sw_pc_ar:inst1|ar[2]                                                                   ; regout           ;
; |exp_ram3|sw_pc_ar:inst1|ar[3]                                                                         ; |exp_ram3|sw_pc_ar:inst1|ar[3]                                                                   ; regout           ;
; |exp_ram3|sw_pc_ar:inst1|ar[4]                                                                         ; |exp_ram3|sw_pc_ar:inst1|ar[4]                                                                   ; regout           ;
; |exp_ram3|sw_pc_ar:inst1|ar[5]                                                                         ; |exp_ram3|sw_pc_ar:inst1|ar[5]                                                                   ; regout           ;
; |exp_ram3|sw_pc_ar:inst1|ar[6]                                                                         ; |exp_ram3|sw_pc_ar:inst1|ar[6]                                                                   ; regout           ;
; |exp_ram3|sw_pc_ar:inst1|ar[7]                                                                         ; |exp_ram3|sw_pc_ar:inst1|ar[7]                                                                   ; regout           ;
; |exp_ram3|memenab                                                                                      ; |exp_ram3|memenab~corein                                                                         ; combout          ;
; |exp_ram3|inputd[3]                                                                                    ; |exp_ram3|inputd[3]~corein                                                                       ; combout          ;
; |exp_ram3|pcclr                                                                                        ; |exp_ram3|pcclr~corein                                                                           ; combout          ;
; |exp_ram3|pcclr~clkctrl                                                                                ; |exp_ram3|pcclr~clkctrl                                                                          ; outclk           ;
+--------------------------------------------------------------------------------------------------------+--------------------------------------------------------------------------------------------------+------------------+


+---------------------+
; Simulator INI Usage ;
+--------+------------+
; Option ; Usage      ;
+--------+------------+


+--------------------+
; Simulator Messages ;
+--------------------+
Info: *******************************************************************
Info: Running Quartus II Simulator
    Info: Version 9.0 Build 184 04/29/2009 Service Pack 1 SJ Web Edition
    Info: Processing started: Fri Mar 12 09:03:01 2021
Info: Command: quartus_sim --read_settings_files=on --write_settings_files=off exp_ram3 -c exp_ram3
Info: Using vector source file "D:/Documents/计算机系统原理实验/exp_ram3/exp_ram3.vwf"
Info: Overwriting simulation input file with simulation results
    Info: A backup of exp_ram3.vwf called exp_ram3.sim_ori.vwf has been created in the db folder
Info: Option to preserve fewer signal transitions to reduce memory requirements is enabled
    Info: Simulation has been partitioned into sub-simulations according to the maximum transition count determined by the engine. Transitions from memory will be flushed out to disk at the end of each sub-simulation to reduce memory requirements.
Info: Simulation partitioned into 1 sub-simulations
Info: Simulation coverage is      69.52 %
Info: Number of transitions in simulation is 908
Info: Vector file exp_ram3.vwf is saved in VWF text format. You can compress it into CVWF format in order to reduce file size. For more details please refer to the Quartus II Help.
Info: Quartus II Simulator was successful. 0 errors, 0 warnings
    Info: Peak virtual memory: 162 megabytes
    Info: Processing ended: Fri Mar 12 09:03:02 2021
    Info: Elapsed time: 00:00:01
    Info: Total CPU time (on all processors): 00:00:01


